# JRE version: Java(TM) SE Runtime Environment (18.0.2+9) (build 18.0.2+9-61)
# Java VM: Java HotSpot(TM) 64-Bit Server VM (18.0.2+9-61, mixed mode, sharing, tiered, compressed oops, compressed class ptrs, g1 gc, windows-amd64)
GC Precious Log:
 CardTable entry size: 512
 Card Set container configuration: InlinePtr #cards 4 size 8 Array Of Cards #cards 16 size 48 Howl #buckets 8 coarsen threshold 3686 Howl Bitmap #cards 512 size 80 coarsen threshold 460 Card regions per heap region 1 cards per card region 4096
 CPUs: 4 total, 4 available
 Memory: 16280M
 Large Page Support: Disabled
 NUMA Support: Disabled
 Compressed Oops: Enabled (Zero based)
 Heap Region Size: 2M
 Heap Min Capacity: 8M
 Heap Initial Capacity: 256M
 Heap Max Capacity: 4072M
 Pre-touch: Disabled
 Parallel Workers: 4
 Concurrent Workers: 1
 Concurrent Refinement Workers: 4
 Periodic GC: Disabled
Heap:
 garbage-first heap   total 147456K, used 49965K [0x0000000701800000, 0x0000000800000000)
  region size 2048K, 2 young (4096K), 2 survivors (4096K)
 Metaspace       used 32008K, committed 32640K, reserved 1114112K
  class space    used 3384K, committed 3712K, reserved 1048576K
GC Heap History (20 events):
Event: 0.586 GC heap after
{Heap after GC invocations=1 (full 0):
 garbage-first heap   total 262144K, used 3506K [0x0000000701800000, 0x0000000800000000)
  region size 2048K, 1 young (2048K), 1 survivors (2048K)
 Metaspace       used 3826K, committed 3968K, reserved 1114112K
  class space    used 373K, committed 448K, reserved 1048576K
}
Event: 0.764 GC heap before
{Heap before GC invocations=1 (full 0):
 garbage-first heap   total 262144K, used 13746K [0x0000000701800000, 0x0000000800000000)
  region size 2048K, 6 young (12288K), 1 survivors (2048K)
 Metaspace       used 5759K, committed 5888K, reserved 1114112K
  class space    used 648K, committed 704K, reserved 1048576K
}
Event: 0.767 GC heap after
{Heap after GC invocations=2 (full 0):
 garbage-first heap   total 262144K, used 4297K [0x0000000701800000, 0x0000000800000000)
  region size 2048K, 1 young (2048K), 1 survivors (2048K)
 Metaspace       used 5759K, committed 5888K, reserved 1114112K
  class space    used 648K, committed 704K, reserved 1048576K
}
Event: 2.143 GC heap before
{Heap before GC invocations=2 (full 0):
 garbage-first heap   total 262144K, used 32969K [0x0000000701800000, 0x0000000800000000)
  region size 2048K, 15 young (30720K), 1 survivors (2048K)
 Metaspace       used 10426K, committed 10624K, reserved 1114112K
  class space    used 1217K, committed 1344K, reserved 1048576K
}
Event: 2.233 GC heap after
{Heap after GC invocations=3 (full 0):
 garbage-first heap   total 262144K, used 6445K [0x0000000701800000, 0x0000000800000000)
  region size 2048K, 2 young (4096K), 2 survivors (4096K)
 Metaspace       used 10426K, committed 10624K, reserved 1114112K
  class space    used 1217K, committed 1344K, reserved 1048576K
}
Event: 4.930 GC heap before
{Heap before GC invocations=3 (full 0):
 garbage-first heap   total 262144K, used 168237K [0x0000000701800000, 0x0000000800000000)
  region size 2048K, 66 young (135168K), 2 survivors (4096K)
 Metaspace       used 21199K, committed 21504K, reserved 1114112K
  class space    used 2316K, committed 2496K, reserved 1048576K
}
Event: 4.940 GC heap after
{Heap after GC invocations=4 (full 0):
 garbage-first heap   total 262144K, used 16910K [0x0000000701800000, 0x0000000800000000)
  region size 2048K, 7 young (14336K), 7 survivors (14336K)
 Metaspace       used 21199K, committed 21504K, reserved 1114112K
  class space    used 2316K, committed 2496K, reserved 1048576K
}
Event: 5.741 GC heap before
{Heap before GC invocations=5 (full 0):
 garbage-first heap   total 69632K, used 68110K [0x0000000701800000, 0x0000000800000000)
  region size 2048K, 32 young (65536K), 7 survivors (14336K)
 Metaspace       used 24596K, committed 24960K, reserved 1114112K
  class space    used 2633K, committed 2816K, reserved 1048576K
}
Event: 5.760 GC heap after
{Heap after GC invocations=6 (full 0):
 garbage-first heap   total 98304K, used 30925K [0x0000000701800000, 0x0000000800000000)
  region size 2048K, 5 young (10240K), 5 survivors (10240K)
 Metaspace       used 24596K, committed 24960K, reserved 1114112K
  class space    used 2633K, committed 2816K, reserved 1048576K
}
Event: 5.787 GC heap before
{Heap before GC invocations=6 (full 0):
 garbage-first heap   total 98304K, used 32973K [0x0000000701800000, 0x0000000800000000)
  region size 2048K, 6 young (12288K), 5 survivors (10240K)
 Metaspace       used 24645K, committed 25024K, reserved 1114112K
  class space    used 2633K, committed 2816K, reserved 1048576K
}
Event: 5.798 GC heap after
{Heap after GC invocations=7 (full 0):
 garbage-first heap   total 126976K, used 33625K [0x0000000701800000, 0x0000000800000000)
  region size 2048K, 1 young (2048K), 1 survivors (2048K)
 Metaspace       used 24645K, committed 25024K, reserved 1114112K
  class space    used 2633K, committed 2816K, reserved 1048576K
}
Event: 6.439 GC heap before
{Heap before GC invocations=7 (full 0):
 garbage-first heap   total 126976K, used 82777K [0x0000000701800000, 0x0000000800000000)
  region size 2048K, 26 young (53248K), 1 survivors (2048K)
 Metaspace       used 27029K, committed 27456K, reserved 1114112K
  class space    used 2891K, committed 3072K, reserved 1048576K
}
Event: 6.445 GC heap after
{Heap after GC invocations=8 (full 0):
 garbage-first heap   total 126976K, used 35606K [0x0000000701800000, 0x0000000800000000)
  region size 2048K, 2 young (4096K), 2 survivors (4096K)
 Metaspace       used 27029K, committed 27456K, reserved 1114112K
  class space    used 2891K, committed 3072K, reserved 1048576K
}
Event: 6.743 GC heap before
{Heap before GC invocations=8 (full 0):
 garbage-first heap   total 126976K, used 88854K [0x0000000701800000, 0x0000000800000000)
  region size 2048K, 28 young (57344K), 2 survivors (4096K)
 Metaspace       used 27627K, committed 28032K, reserved 1114112K
  class space    used 2932K, committed 3136K, reserved 1048576K
}
Event: 6.748 GC heap after
{Heap after GC invocations=9 (full 0):
 garbage-first heap   total 126976K, used 35904K [0x0000000701800000, 0x0000000800000000)
  region size 2048K, 3 young (6144K), 3 survivors (6144K)
 Metaspace       used 27627K, committed 28032K, reserved 1114112K
  class space    used 2932K, committed 3136K, reserved 1048576K
}
Event: 7.695 GC heap before
{Heap before GC invocations=9 (full 0):
 garbage-first heap   total 126976K, used 89152K [0x0000000701800000, 0x0000000800000000)
  region size 2048K, 30 young (61440K), 3 survivors (6144K)
 Metaspace       used 29686K, committed 30208K, reserved 1114112K
  class space    used 3163K, committed 3392K, reserved 1048576K
}
Event: 7.713 GC heap after
{Heap after GC invocations=10 (full 0):
 garbage-first heap   total 126976K, used 48045K [0x0000000701800000, 0x0000000800000000)
  region size 2048K, 4 young (8192K), 4 survivors (8192K)
 Metaspace       used 29686K, committed 30208K, reserved 1114112K
  class space    used 3163K, committed 3392K, reserved 1048576K
}
Event: 8.325 GC heap before
{Heap before GC invocations=10 (full 0):
 garbage-first heap   total 126976K, used 91053K [0x0000000701800000, 0x0000000800000000)
  region size 2048K, 25 young (51200K), 4 survivors (8192K)
 Metaspace       used 31048K, committed 31552K, reserved 1114112K
  class space    used 3301K, committed 3520K, reserved 1048576K
}
Event: 8.335 GC heap after
{Heap after GC invocations=11 (full 0):
 garbage-first heap   total 126976K, used 47745K [0x0000000701800000, 0x0000000800000000)
  region size 2048K, 1 young (2048K), 1 survivors (2048K)
 Metaspace       used 31048K, committed 31552K, reserved 1114112K
  class space    used 3301K, committed 3520K, reserved 1048576K
}
Event: 8.991 GC heap before
{Heap before GC invocations=11 (full 0):
 garbage-first heap   total 126976K, used 92801K [0x0000000701800000, 0x0000000800000000)
  region size 2048K, 23 young (47104K), 1 survivors (2048K)
 Metaspace       used 32008K, committed 32640K, reserved 1114112K
  class space    used 3384K, committed 3712K, reserved 1048576K
}

