# JRE version: Java(TM) SE Runtime Environment (18.0.2+9) (build 18.0.2+9-61)
# Java VM: Java HotSpot(TM) 64-Bit Server VM (18.0.2+9-61, mixed mode, sharing, tiered, compressed oops, compressed class ptrs, g1 gc, windows-amd64)
GC Precious Log:
 CardTable entry size: 512
 Card Set container configuration: InlinePtr #cards 5 size 8 Array Of Cards #cards 12 size 40 Howl #buckets 4 coarsen threshold 1843 Howl Bitmap #cards 512 size 80 coarsen threshold 460 Card regions per heap region 1 cards per card region 2048
 CPUs: 4 total, 4 available
 Memory: 8088M
 Large Page Support: Disabled
 NUMA Support: Disabled
 Compressed Oops: Enabled (32-bit)
 Heap Region Size: 1M
 Heap Min Capacity: 8M
 Heap Initial Capacity: 128M
 Heap Max Capacity: 2024M
 Pre-touch: Disabled
 Parallel Workers: 4
 Concurrent Workers: 1
 Concurrent Refinement Workers: 4
 Periodic GC: Disabled
Heap:
 garbage-first heap   total 147456K, used 103967K [0x0000000081800000, 0x0000000100000000)
  region size 1024K, 60 young (61440K), 9 survivors (9216K)
 Metaspace       used 31865K, committed 32384K, reserved 1114112K
  class space    used 3367K, committed 3648K, reserved 1048576K
GC Heap History (20 events):
Event: 0.666 GC heap before
{Heap before GC invocations=1 (full 0):
 garbage-first heap   total 131072K, used 17672K [0x0000000081800000, 0x0000000100000000)
  region size 1024K, 16 young (16384K), 2 survivors (2048K)
 Metaspace       used 5898K, committed 6080K, reserved 1114112K
  class space    used 666K, committed 768K, reserved 1048576K
}
Event: 0.669 GC heap after
{Heap after GC invocations=2 (full 0):
 garbage-first heap   total 131072K, used 4685K [0x0000000081800000, 0x0000000100000000)
  region size 1024K, 2 young (2048K), 2 survivors (2048K)
 Metaspace       used 5898K, committed 6080K, reserved 1114112K
  class space    used 666K, committed 768K, reserved 1048576K
}
Event: 1.814 GC heap before
{Heap before GC invocations=2 (full 0):
 garbage-first heap   total 131072K, used 80461K [0x0000000081800000, 0x0000000100000000)
  region size 1024K, 76 young (77824K), 2 survivors (2048K)
 Metaspace       used 13651K, committed 13952K, reserved 1114112K
  class space    used 1513K, committed 1664K, reserved 1048576K
}
Event: 1.824 GC heap after
{Heap after GC invocations=3 (full 0):
 garbage-first heap   total 131072K, used 11822K [0x0000000081800000, 0x0000000100000000)
  region size 1024K, 9 young (9216K), 9 survivors (9216K)
 Metaspace       used 13651K, committed 13952K, reserved 1114112K
  class space    used 1513K, committed 1664K, reserved 1048576K
}
Event: 2.740 GC heap before
{Heap before GC invocations=3 (full 0):
 garbage-first heap   total 131072K, used 113198K [0x0000000081800000, 0x0000000100000000)
  region size 1024K, 76 young (77824K), 9 survivors (9216K)
 Metaspace       used 17537K, committed 17920K, reserved 1114112K
  class space    used 1879K, committed 2112K, reserved 1048576K
}
Event: 2.751 GC heap after
{Heap after GC invocations=4 (full 0):
 garbage-first heap   total 131072K, used 16758K [0x0000000081800000, 0x0000000100000000)
  region size 1024K, 6 young (6144K), 6 survivors (6144K)
 Metaspace       used 17537K, committed 17920K, reserved 1114112K
  class space    used 1879K, committed 2112K, reserved 1048576K
}
Event: 2.880 GC heap before
{Heap before GC invocations=4 (full 0):
 garbage-first heap   total 131072K, used 19830K [0x0000000081800000, 0x0000000100000000)
  region size 1024K, 10 young (10240K), 6 survivors (6144K)
 Metaspace       used 21195K, committed 21504K, reserved 1114112K
  class space    used 2314K, committed 2496K, reserved 1048576K
}
Event: 2.884 GC heap after
{Heap after GC invocations=5 (full 0):
 garbage-first heap   total 131072K, used 17352K [0x0000000081800000, 0x0000000100000000)
  region size 1024K, 6 young (6144K), 6 survivors (6144K)
 Metaspace       used 21195K, committed 21504K, reserved 1114112K
  class space    used 2314K, committed 2496K, reserved 1048576K
}
Event: 3.400 GC heap before
{Heap before GC invocations=6 (full 0):
 garbage-first heap   total 61440K, used 47048K [0x0000000081800000, 0x0000000100000000)
  region size 1024K, 36 young (36864K), 6 survivors (6144K)
 Metaspace       used 23606K, committed 23936K, reserved 1114112K
  class space    used 2549K, committed 2688K, reserved 1048576K
}
Event: 3.412 GC heap after
{Heap after GC invocations=7 (full 0):
 garbage-first heap   total 65536K, used 27879K [0x0000000081800000, 0x0000000100000000)
  region size 1024K, 5 young (5120K), 5 survivors (5120K)
 Metaspace       used 23606K, committed 23936K, reserved 1114112K
  class space    used 2549K, committed 2688K, reserved 1048576K
}
Event: 3.417 GC heap before
{Heap before GC invocations=7 (full 0):
 garbage-first heap   total 65536K, used 28903K [0x0000000081800000, 0x0000000100000000)
  region size 1024K, 6 young (6144K), 5 survivors (5120K)
 Metaspace       used 23606K, committed 23936K, reserved 1114112K
  class space    used 2549K, committed 2688K, reserved 1048576K
}
Event: 3.425 GC heap after
{Heap after GC invocations=8 (full 0):
 garbage-first heap   total 65536K, used 28934K [0x0000000081800000, 0x0000000100000000)
  region size 1024K, 1 young (1024K), 1 survivors (1024K)
 Metaspace       used 23606K, committed 23936K, reserved 1114112K
  class space    used 2549K, committed 2688K, reserved 1048576K
}
Event: 3.948 GC heap before
{Heap before GC invocations=8 (full 0):
 garbage-first heap   total 65536K, used 47366K [0x0000000081800000, 0x0000000100000000)
  region size 1024K, 19 young (19456K), 1 survivors (1024K)
 Metaspace       used 24362K, committed 24768K, reserved 1114112K
  class space    used 2622K, committed 2816K, reserved 1048576K
}
Event: 3.954 GC heap after
{Heap after GC invocations=9 (full 0):
 garbage-first heap   total 147456K, used 32200K [0x0000000081800000, 0x0000000100000000)
  region size 1024K, 3 young (3072K), 3 survivors (3072K)
 Metaspace       used 24362K, committed 24768K, reserved 1114112K
  class space    used 2622K, committed 2816K, reserved 1048576K
}
Event: 5.405 GC heap before
{Heap before GC invocations=9 (full 0):
 garbage-first heap   total 147456K, used 96712K [0x0000000081800000, 0x0000000100000000)
  region size 1024K, 66 young (67584K), 3 survivors (3072K)
 Metaspace       used 26906K, committed 27328K, reserved 1114112K
  class space    used 2866K, committed 3072K, reserved 1048576K
}
Event: 5.414 GC heap after
{Heap after GC invocations=10 (full 0):
 garbage-first heap   total 147456K, used 37487K [0x0000000081800000, 0x0000000100000000)
  region size 1024K, 8 young (8192K), 8 survivors (8192K)
 Metaspace       used 26906K, committed 27328K, reserved 1114112K
  class space    used 2866K, committed 3072K, reserved 1048576K
}
Event: 6.294 GC heap before
{Heap before GC invocations=10 (full 0):
 garbage-first heap   total 147456K, used 100975K [0x0000000081800000, 0x0000000100000000)
  region size 1024K, 70 young (71680K), 8 survivors (8192K)
 Metaspace       used 27578K, committed 28096K, reserved 1114112K
  class space    used 2926K, committed 3200K, reserved 1048576K
}
Event: 6.300 GC heap after
{Heap after GC invocations=11 (full 0):
 garbage-first heap   total 147456K, used 37542K [0x0000000081800000, 0x0000000100000000)
  region size 1024K, 5 young (5120K), 5 survivors (5120K)
 Metaspace       used 27578K, committed 28096K, reserved 1114112K
  class space    used 2926K, committed 3200K, reserved 1048576K
}
Event: 7.752 GC heap before
{Heap before GC invocations=11 (full 0):
 garbage-first heap   total 147456K, used 107174K [0x0000000081800000, 0x0000000100000000)
  region size 1024K, 71 young (72704K), 5 survivors (5120K)
 Metaspace       used 29767K, committed 30272K, reserved 1114112K
  class space    used 3159K, committed 3392K, reserved 1048576K
}
Event: 7.771 GC heap after
{Heap after GC invocations=12 (full 0):
 garbage-first heap   total 147456K, used 53791K [0x0000000081800000, 0x0000000100000000)
  region size 1024K, 9 young (9216K), 9 survivors (9216K)
 Metaspace       used 29767K, committed 30272K, reserved 1114112K
  class space    used 3159K, committed 3392K, reserved 1048576K
}

