# JRE version: Java(TM) SE Runtime Environment (18.0.2+9) (build 18.0.2+9-61)
# Java VM: Java HotSpot(TM) 64-Bit Server VM (18.0.2+9-61, mixed mode, sharing, tiered, compressed oops, compressed class ptrs, g1 gc, windows-amd64)
GC Precious Log:
 CardTable entry size: 512
 Card Set container configuration: InlinePtr #cards 5 size 8 Array Of Cards #cards 12 size 40 Howl #buckets 4 coarsen threshold 1843 Howl Bitmap #cards 512 size 80 coarsen threshold 460 Card regions per heap region 1 cards per card region 2048
 CPUs: 4 total, 4 available
 Memory: 8088M
 Large Page Support: Disabled
 NUMA Support: Disabled
 Compressed Oops: Enabled (32-bit)
 Heap Region Size: 1M
 Heap Min Capacity: 8M
 Heap Initial Capacity: 128M
 Heap Max Capacity: 2024M
 Pre-touch: Disabled
 Parallel Workers: 4
 Concurrent Workers: 1
 Concurrent Refinement Workers: 4
 Periodic GC: Disabled
Heap:
 garbage-first heap   total 103424K, used 55102K [0x0000000081800000, 0x0000000100000000)
  region size 1024K, 5 young (5120K), 5 survivors (5120K)
 Metaspace       used 30266K, committed 30784K, reserved 1114112K
  class space    used 3221K, committed 3456K, reserved 1048576K
GC Heap History (20 events):
Event: 0.767 GC heap after
{Heap after GC invocations=2 (full 0):
 garbage-first heap   total 131072K, used 4279K [0x0000000081800000, 0x0000000100000000)
  region size 1024K, 1 young (1024K), 1 survivors (1024K)
 Metaspace       used 5757K, committed 5888K, reserved 1114112K
  class space    used 656K, committed 704K, reserved 1048576K
}
Event: 2.236 GC heap before
{Heap before GC invocations=2 (full 0):
 garbage-first heap   total 131072K, used 80055K [0x0000000081800000, 0x0000000100000000)
  region size 1024K, 76 young (77824K), 1 survivors (1024K)
 Metaspace       used 13659K, committed 13952K, reserved 1114112K
  class space    used 1512K, committed 1664K, reserved 1048576K
}
Event: 2.247 GC heap after
{Heap after GC invocations=3 (full 0):
 garbage-first heap   total 131072K, used 11948K [0x0000000081800000, 0x0000000100000000)
  region size 1024K, 9 young (9216K), 9 survivors (9216K)
 Metaspace       used 13659K, committed 13952K, reserved 1114112K
  class space    used 1512K, committed 1664K, reserved 1048576K
}
Event: 3.221 GC heap before
{Heap before GC invocations=3 (full 0):
 garbage-first heap   total 131072K, used 112300K [0x0000000081800000, 0x0000000100000000)
  region size 1024K, 75 young (76800K), 9 survivors (9216K)
 Metaspace       used 17493K, committed 17792K, reserved 1114112K
  class space    used 1866K, committed 2048K, reserved 1048576K
}
Event: 3.233 GC heap after
{Heap after GC invocations=4 (full 0):
 garbage-first heap   total 131072K, used 16356K [0x0000000081800000, 0x0000000100000000)
  region size 1024K, 5 young (5120K), 5 survivors (5120K)
 Metaspace       used 17493K, committed 17792K, reserved 1114112K
  class space    used 1866K, committed 2048K, reserved 1048576K
}
Event: 3.397 GC heap before
{Heap before GC invocations=4 (full 0):
 garbage-first heap   total 131072K, used 19428K [0x0000000081800000, 0x0000000100000000)
  region size 1024K, 9 young (9216K), 5 survivors (5120K)
 Metaspace       used 21136K, committed 21504K, reserved 1114112K
  class space    used 2302K, committed 2496K, reserved 1048576K
}
Event: 3.402 GC heap after
{Heap after GC invocations=5 (full 0):
 garbage-first heap   total 131072K, used 17731K [0x0000000081800000, 0x0000000100000000)
  region size 1024K, 7 young (7168K), 7 survivors (7168K)
 Metaspace       used 21136K, committed 21504K, reserved 1114112K
  class space    used 2302K, committed 2496K, reserved 1048576K
}
Event: 4.719 GC heap before
{Heap before GC invocations=6 (full 0):
 garbage-first heap   total 65536K, used 63811K [0x0000000081800000, 0x0000000100000000)
  region size 1024K, 53 young (54272K), 7 survivors (7168K)
 Metaspace       used 24160K, committed 24576K, reserved 1114112K
  class space    used 2603K, committed 2816K, reserved 1048576K
}
Event: 4.738 GC heap after
{Heap after GC invocations=7 (full 0):
 garbage-first heap   total 86016K, used 31127K [0x0000000081800000, 0x0000000100000000)
  region size 1024K, 10 young (10240K), 10 survivors (10240K)
 Metaspace       used 24160K, committed 24576K, reserved 1114112K
  class space    used 2603K, committed 2816K, reserved 1048576K
}
Event: 5.176 GC heap before
{Heap before GC invocations=7 (full 0):
 garbage-first heap   total 86016K, used 61847K [0x0000000081800000, 0x0000000100000000)
  region size 1024K, 40 young (40960K), 10 survivors (10240K)
 Metaspace       used 25515K, committed 25920K, reserved 1114112K
  class space    used 2714K, committed 2944K, reserved 1048576K
}
Event: 5.188 GC heap after
{Heap after GC invocations=8 (full 0):
 garbage-first heap   total 86016K, used 36836K [0x0000000081800000, 0x0000000100000000)
  region size 1024K, 5 young (5120K), 5 survivors (5120K)
 Metaspace       used 25515K, committed 25920K, reserved 1114112K
  class space    used 2714K, committed 2944K, reserved 1048576K
}
Event: 5.427 GC heap before
{Heap before GC invocations=8 (full 0):
 garbage-first heap   total 86016K, used 62436K [0x0000000081800000, 0x0000000100000000)
  region size 1024K, 31 young (31744K), 5 survivors (5120K)
 Metaspace       used 26672K, committed 27136K, reserved 1114112K
  class space    used 2833K, committed 3072K, reserved 1048576K
}
Event: 5.433 GC heap after
{Heap after GC invocations=9 (full 0):
 garbage-first heap   total 103424K, used 37822K [0x0000000081800000, 0x0000000100000000)
  region size 1024K, 1 young (1024K), 1 survivors (1024K)
 Metaspace       used 26672K, committed 27136K, reserved 1114112K
  class space    used 2833K, committed 3072K, reserved 1048576K
}
Event: 5.811 GC heap before
{Heap before GC invocations=9 (full 0):
 garbage-first heap   total 103424K, used 77758K [0x0000000081800000, 0x0000000100000000)
  region size 1024K, 40 young (40960K), 1 survivors (1024K)
 Metaspace       used 27315K, committed 27840K, reserved 1114112K
  class space    used 2911K, committed 3136K, reserved 1048576K
}
Event: 5.816 GC heap after
{Heap after GC invocations=10 (full 0):
 garbage-first heap   total 103424K, used 39190K [0x0000000081800000, 0x0000000100000000)
  region size 1024K, 3 young (3072K), 3 survivors (3072K)
 Metaspace       used 27315K, committed 27840K, reserved 1114112K
  class space    used 2911K, committed 3136K, reserved 1048576K
}
Event: 6.217 GC heap before
{Heap before GC invocations=10 (full 0):
 garbage-first heap   total 103424K, used 79126K [0x0000000081800000, 0x0000000100000000)
  region size 1024K, 42 young (43008K), 3 survivors (3072K)
 Metaspace       used 27559K, committed 28096K, reserved 1114112K
  class space    used 2916K, committed 3200K, reserved 1048576K
}
Event: 6.222 GC heap after
{Heap after GC invocations=11 (full 0):
 garbage-first heap   total 103424K, used 39286K [0x0000000081800000, 0x0000000100000000)
  region size 1024K, 3 young (3072K), 3 survivors (3072K)
 Metaspace       used 27559K, committed 28096K, reserved 1114112K
  class space    used 2916K, committed 3200K, reserved 1048576K
}
Event: 7.312 GC heap before
{Heap before GC invocations=11 (full 0):
 garbage-first heap   total 103424K, used 80246K [0x0000000081800000, 0x0000000100000000)
  region size 1024K, 43 young (44032K), 3 survivors (3072K)
 Metaspace       used 29667K, committed 30208K, reserved 1114112K
  class space    used 3144K, committed 3392K, reserved 1048576K
}
Event: 7.325 GC heap after
{Heap after GC invocations=12 (full 0):
 garbage-first heap   total 103424K, used 46167K [0x0000000081800000, 0x0000000100000000)
  region size 1024K, 6 young (6144K), 6 survivors (6144K)
 Metaspace       used 29667K, committed 30208K, reserved 1114112K
  class space    used 3144K, committed 3392K, reserved 1048576K
}
Event: 7.572 GC heap before
{Heap before GC invocations=12 (full 0):
 garbage-first heap   total 103424K, used 78935K [0x0000000081800000, 0x0000000100000000)
  region size 1024K, 37 young (37888K), 6 survivors (6144K)
 Metaspace       used 30266K, committed 30784K, reserved 1114112K
  class space    used 3221K, committed 3456K, reserved 1048576K
}

