# JRE version: Java(TM) SE Runtime Environment (18.0.2+9) (build 18.0.2+9-61)
# Java VM: Java HotSpot(TM) 64-Bit Server VM (18.0.2+9-61, mixed mode, sharing, tiered, compressed oops, compressed class ptrs, g1 gc, windows-amd64)
GC Precious Log:
 CardTable entry size: 512
 Card Set container configuration: InlinePtr #cards 5 size 8 Array Of Cards #cards 12 size 40 Howl #buckets 4 coarsen threshold 1843 Howl Bitmap #cards 512 size 80 coarsen threshold 460 Card regions per heap region 1 cards per card region 2048
 CPUs: 4 total, 4 available
 Memory: 8088M
 Large Page Support: Disabled
 NUMA Support: Disabled
 Compressed Oops: Enabled (32-bit)
 Heap Region Size: 1M
 Heap Min Capacity: 8M
 Heap Initial Capacity: 128M
 Heap Max Capacity: 2024M
 Pre-touch: Disabled
 Parallel Workers: 4
 Concurrent Workers: 1
 Concurrent Refinement Workers: 4
 Periodic GC: Disabled
Heap:
 garbage-first heap   total 83968K, used 56693K [0x0000000081800000, 0x0000000100000000)
  region size 1024K, 22 young (22528K), 3 survivors (3072K)
 Metaspace       used 27674K, committed 28224K, reserved 1114112K
  class space    used 2951K, committed 3200K, reserved 1048576K
GC Heap History (20 events):
Event: 1.868 GC heap before
{Heap before GC invocations=1 (full 0):
 garbage-first heap   total 131072K, used 17190K [0x0000000081800000, 0x0000000100000000)
  region size 1024K, 15 young (15360K), 2 survivors (2048K)
 Metaspace       used 5734K, committed 5952K, reserved 1114112K
  class space    used 647K, committed 768K, reserved 1048576K
}
Event: 1.871 GC heap after
{Heap after GC invocations=2 (full 0):
 garbage-first heap   total 131072K, used 4707K [0x0000000081800000, 0x0000000100000000)
  region size 1024K, 1 young (1024K), 1 survivors (1024K)
 Metaspace       used 5734K, committed 5952K, reserved 1114112K
  class space    used 647K, committed 768K, reserved 1048576K
}
Event: 2.391 GC heap before
{Heap before GC invocations=2 (full 0):
 garbage-first heap   total 131072K, used 29283K [0x0000000081800000, 0x0000000100000000)
  region size 1024K, 25 young (25600K), 1 survivors (1024K)
 Metaspace       used 9988K, committed 10176K, reserved 1114112K
  class space    used 1183K, committed 1280K, reserved 1048576K
}
Event: 2.394 GC heap after
{Heap after GC invocations=3 (full 0):
 garbage-first heap   total 131072K, used 6323K [0x0000000081800000, 0x0000000100000000)
  region size 1024K, 3 young (3072K), 3 survivors (3072K)
 Metaspace       used 9988K, committed 10176K, reserved 1114112K
  class space    used 1183K, committed 1280K, reserved 1048576K
}
Event: 3.963 GC heap before
{Heap before GC invocations=3 (full 0):
 garbage-first heap   total 131072K, used 81075K [0x0000000081800000, 0x0000000100000000)
  region size 1024K, 76 young (77824K), 3 survivors (3072K)
 Metaspace       used 13918K, committed 14208K, reserved 1114112K
  class space    used 1517K, committed 1664K, reserved 1048576K
}
Event: 3.979 GC heap after
{Heap after GC invocations=4 (full 0):
 garbage-first heap   total 131072K, used 14214K [0x0000000081800000, 0x0000000100000000)
  region size 1024K, 10 young (10240K), 10 survivors (10240K)
 Metaspace       used 13918K, committed 14208K, reserved 1114112K
  class space    used 1517K, committed 1664K, reserved 1048576K
}
Event: 6.478 GC heap before
{Heap before GC invocations=4 (full 0):
 garbage-first heap   total 131072K, used 96134K [0x0000000081800000, 0x0000000100000000)
  region size 1024K, 59 young (60416K), 10 survivors (10240K)
 Metaspace       used 21195K, committed 21504K, reserved 1114112K
  class space    used 2316K, committed 2496K, reserved 1048576K
}
Event: 6.493 GC heap after
{Heap after GC invocations=5 (full 0):
 garbage-first heap   total 131072K, used 17571K [0x0000000081800000, 0x0000000100000000)
  region size 1024K, 4 young (4096K), 4 survivors (4096K)
 Metaspace       used 21195K, committed 21504K, reserved 1114112K
  class space    used 2316K, committed 2496K, reserved 1048576K
}
Event: 7.371 GC heap before
{Heap before GC invocations=6 (full 0):
 garbage-first heap   total 65536K, used 52387K [0x0000000081800000, 0x0000000100000000)
  region size 1024K, 38 young (38912K), 4 survivors (4096K)
 Metaspace       used 23746K, committed 24128K, reserved 1114112K
  class space    used 2570K, committed 2752K, reserved 1048576K
}
Event: 7.383 GC heap after
{Heap after GC invocations=7 (full 0):
 garbage-first heap   total 69632K, used 29347K [0x0000000081800000, 0x0000000100000000)
  region size 1024K, 5 young (5120K), 5 survivors (5120K)
 Metaspace       used 23746K, committed 24128K, reserved 1114112K
  class space    used 2570K, committed 2752K, reserved 1048576K
}
Event: 7.727 GC heap before
{Heap before GC invocations=7 (full 0):
 garbage-first heap   total 69632K, used 49827K [0x0000000081800000, 0x0000000100000000)
  region size 1024K, 25 young (25600K), 5 survivors (5120K)
 Metaspace       used 24460K, committed 24832K, reserved 1114112K
  class space    used 2624K, committed 2816K, reserved 1048576K
}
Event: 7.737 GC heap after
{Heap after GC invocations=8 (full 0):
 garbage-first heap   total 69632K, used 33100K [0x0000000081800000, 0x0000000100000000)
  region size 1024K, 4 young (4096K), 4 survivors (4096K)
 Metaspace       used 24460K, committed 24832K, reserved 1114112K
  class space    used 2624K, committed 2816K, reserved 1048576K
}
Event: 8.275 GC heap before
{Heap before GC invocations=8 (full 0):
 garbage-first heap   total 69632K, used 51532K [0x0000000081800000, 0x0000000100000000)
  region size 1024K, 21 young (21504K), 4 survivors (4096K)
 Metaspace       used 25234K, committed 25664K, reserved 1114112K
  class space    used 2690K, committed 2880K, reserved 1048576K
}
Event: 8.283 GC heap after
{Heap after GC invocations=9 (full 0):
 garbage-first heap   total 69632K, used 37027K [0x0000000081800000, 0x0000000100000000)
  region size 1024K, 3 young (3072K), 3 survivors (3072K)
 Metaspace       used 25234K, committed 25664K, reserved 1114112K
  class space    used 2690K, committed 2880K, reserved 1048576K
}
Event: 8.521 GC heap before
{Heap before GC invocations=9 (full 0):
 garbage-first heap   total 69632K, used 51363K [0x0000000081800000, 0x0000000100000000)
  region size 1024K, 18 young (18432K), 3 survivors (3072K)
 Metaspace       used 26101K, committed 26496K, reserved 1114112K
  class space    used 2796K, committed 3008K, reserved 1048576K
}
Event: 8.525 GC heap after
{Heap after GC invocations=10 (full 0):
 garbage-first heap   total 83968K, used 37399K [0x0000000081800000, 0x0000000100000000)
  region size 1024K, 1 young (1024K), 1 survivors (1024K)
 Metaspace       used 26101K, committed 26496K, reserved 1114112K
  class space    used 2796K, committed 3008K, reserved 1048576K
}
Event: 8.865 GC heap before
{Heap before GC invocations=11 (full 0):
 garbage-first heap   total 83968K, used 61975K [0x0000000081800000, 0x0000000100000000)
  region size 1024K, 26 young (26624K), 1 survivors (1024K)
 Metaspace       used 26949K, committed 27456K, reserved 1114112K
  class space    used 2883K, committed 3136K, reserved 1048576K
}
Event: 8.867 GC heap after
{Heap after GC invocations=12 (full 0):
 garbage-first heap   total 83968K, used 37453K [0x0000000081800000, 0x0000000100000000)
  region size 1024K, 1 young (1024K), 1 survivors (1024K)
 Metaspace       used 26949K, committed 27456K, reserved 1114112K
  class space    used 2883K, committed 3136K, reserved 1048576K
}
Event: 9.157 GC heap before
{Heap before GC invocations=12 (full 0):
 garbage-first heap   total 83968K, used 63053K [0x0000000081800000, 0x0000000100000000)
  region size 1024K, 27 young (27648K), 1 survivors (1024K)
 Metaspace       used 27299K, committed 27776K, reserved 1114112K
  class space    used 2926K, committed 3200K, reserved 1048576K
}
Event: 9.162 GC heap after
{Heap after GC invocations=13 (full 0):
 garbage-first heap   total 83968K, used 39002K [0x0000000081800000, 0x0000000100000000)
  region size 1024K, 3 young (3072K), 3 survivors (3072K)
 Metaspace       used 27299K, committed 27776K, reserved 1114112K
  class space    used 2926K, committed 3200K, reserved 1048576K
}

