# JRE version: Java(TM) SE Runtime Environment (18.0.2+9) (build 18.0.2+9-61)
# Java VM: Java HotSpot(TM) 64-Bit Server VM (18.0.2+9-61, mixed mode, sharing, tiered, compressed oops, compressed class ptrs, g1 gc, windows-amd64)
GC Precious Log:
 CardTable entry size: 512
 Card Set container configuration: InlinePtr #cards 5 size 8 Array Of Cards #cards 12 size 40 Howl #buckets 4 coarsen threshold 1843 Howl Bitmap #cards 512 size 80 coarsen threshold 460 Card regions per heap region 1 cards per card region 2048
 CPUs: 4 total, 4 available
 Memory: 8088M
 Large Page Support: Disabled
 NUMA Support: Disabled
 Compressed Oops: Enabled (32-bit)
 Heap Region Size: 1M
 Heap Min Capacity: 8M
 Heap Initial Capacity: 128M
 Heap Max Capacity: 2024M
 Pre-touch: Disabled
 Parallel Workers: 4
 Concurrent Workers: 1
 Concurrent Refinement Workers: 4
 Periodic GC: Disabled
Heap:
 garbage-first heap   total 82944K, used 40130K [0x0000000081800000, 0x0000000100000000)
  region size 1024K, 2 young (2048K), 2 survivors (2048K)
 Metaspace       used 27433K, committed 27968K, reserved 1114112K
  class space    used 2917K, committed 3200K, reserved 1048576K
GC Heap History (20 events):
Event: 1.748 GC heap after
{Heap after GC invocations=3 (full 0):
 garbage-first heap   total 131072K, used 12151K [0x0000000081800000, 0x0000000100000000)
  region size 1024K, 9 young (9216K), 9 survivors (9216K)
 Metaspace       used 13649K, committed 13952K, reserved 1114112K
  class space    used 1513K, committed 1664K, reserved 1048576K
}
Event: 2.514 GC heap before
{Heap before GC invocations=3 (full 0):
 garbage-first heap   total 131072K, used 113527K [0x0000000081800000, 0x0000000100000000)
  region size 1024K, 76 young (77824K), 9 survivors (9216K)
 Metaspace       used 17436K, committed 17792K, reserved 1114112K
  class space    used 1868K, committed 2048K, reserved 1048576K
}
Event: 2.525 GC heap after
{Heap after GC invocations=4 (full 0):
 garbage-first heap   total 131072K, used 16923K [0x0000000081800000, 0x0000000100000000)
  region size 1024K, 6 young (6144K), 6 survivors (6144K)
 Metaspace       used 17436K, committed 17792K, reserved 1114112K
  class space    used 1868K, committed 2048K, reserved 1048576K
}
Event: 2.647 GC heap before
{Heap before GC invocations=4 (full 0):
 garbage-first heap   total 131072K, used 19995K [0x0000000081800000, 0x0000000100000000)
  region size 1024K, 10 young (10240K), 6 survivors (6144K)
 Metaspace       used 21181K, committed 21504K, reserved 1114112K
  class space    used 2325K, committed 2496K, reserved 1048576K
}
Event: 2.651 GC heap after
{Heap after GC invocations=5 (full 0):
 garbage-first heap   total 131072K, used 17504K [0x0000000081800000, 0x0000000100000000)
  region size 1024K, 6 young (6144K), 6 survivors (6144K)
 Metaspace       used 21181K, committed 21504K, reserved 1114112K
  class space    used 2325K, committed 2496K, reserved 1048576K
}
Event: 3.045 GC heap before
{Heap before GC invocations=6 (full 0):
 garbage-first heap   total 65536K, used 50272K [0x0000000081800000, 0x0000000100000000)
  region size 1024K, 38 young (38912K), 6 survivors (6144K)
 Metaspace       used 23482K, committed 23808K, reserved 1114112K
  class space    used 2538K, committed 2688K, reserved 1048576K
}
Event: 3.057 GC heap after
{Heap after GC invocations=7 (full 0):
 garbage-first heap   total 68608K, used 28768K [0x0000000081800000, 0x0000000100000000)
  region size 1024K, 5 young (5120K), 5 survivors (5120K)
 Metaspace       used 23482K, committed 23808K, reserved 1114112K
  class space    used 2538K, committed 2688K, reserved 1048576K
}
Event: 3.287 GC heap before
{Heap before GC invocations=7 (full 0):
 garbage-first heap   total 68608K, used 49248K [0x0000000081800000, 0x0000000100000000)
  region size 1024K, 25 young (25600K), 5 survivors (5120K)
 Metaspace       used 24271K, committed 24704K, reserved 1114112K
  class space    used 2611K, committed 2816K, reserved 1048576K
}
Event: 3.295 GC heap after
{Heap after GC invocations=8 (full 0):
 garbage-first heap   total 68608K, used 33376K [0x0000000081800000, 0x0000000100000000)
  region size 1024K, 4 young (4096K), 4 survivors (4096K)
 Metaspace       used 24271K, committed 24704K, reserved 1114112K
  class space    used 2611K, committed 2816K, reserved 1048576K
}
Event: 3.351 GC heap before
{Heap before GC invocations=8 (full 0):
 garbage-first heap   total 68608K, used 41568K [0x0000000081800000, 0x0000000100000000)
  region size 1024K, 13 young (13312K), 4 survivors (4096K)
 Metaspace       used 24390K, committed 24768K, reserved 1114112K
  class space    used 2611K, committed 2816K, reserved 1048576K
}
Event: 3.357 GC heap after
{Heap after GC invocations=9 (full 0):
 garbage-first heap   total 82944K, used 35691K [0x0000000081800000, 0x0000000100000000)
  region size 1024K, 2 young (2048K), 2 survivors (2048K)
 Metaspace       used 24390K, committed 24768K, reserved 1114112K
  class space    used 2611K, committed 2816K, reserved 1048576K
}
Event: 3.676 GC heap before
{Heap before GC invocations=9 (full 0):
 garbage-first heap   total 82944K, used 60267K [0x0000000081800000, 0x0000000100000000)
  region size 1024K, 26 young (26624K), 2 survivors (2048K)
 Metaspace       used 25889K, committed 26304K, reserved 1114112K
  class space    used 2767K, committed 2944K, reserved 1048576K
}
Event: 3.681 GC heap after
{Heap after GC invocations=10 (full 0):
 garbage-first heap   total 82944K, used 38351K [0x0000000081800000, 0x0000000100000000)
  region size 1024K, 4 young (4096K), 4 survivors (4096K)
 Metaspace       used 25889K, committed 26304K, reserved 1114112K
  class space    used 2767K, committed 2944K, reserved 1048576K
}
Event: 3.894 GC heap before
{Heap before GC invocations=10 (full 0):
 garbage-first heap   total 82944K, used 61903K [0x0000000081800000, 0x0000000100000000)
  region size 1024K, 27 young (27648K), 4 survivors (4096K)
 Metaspace       used 26609K, committed 27072K, reserved 1114112K
  class space    used 2835K, committed 3072K, reserved 1048576K
}
Event: 3.899 GC heap after
{Heap after GC invocations=11 (full 0):
 garbage-first heap   total 82944K, used 38622K [0x0000000081800000, 0x0000000100000000)
  region size 1024K, 2 young (2048K), 2 survivors (2048K)
 Metaspace       used 26609K, committed 27072K, reserved 1114112K
  class space    used 2835K, committed 3072K, reserved 1048576K
}
Event: 4.034 GC heap before
{Heap before GC invocations=11 (full 0):
 garbage-first heap   total 82944K, used 62174K [0x0000000081800000, 0x0000000100000000)
  region size 1024K, 26 young (26624K), 2 survivors (2048K)
 Metaspace       used 27112K, committed 27584K, reserved 1114112K
  class space    used 2912K, committed 3136K, reserved 1048576K
}
Event: 4.038 GC heap after
{Heap after GC invocations=12 (full 0):
 garbage-first heap   total 82944K, used 39054K [0x0000000081800000, 0x0000000100000000)
  region size 1024K, 3 young (3072K), 3 survivors (3072K)
 Metaspace       used 27112K, committed 27584K, reserved 1114112K
  class space    used 2912K, committed 3136K, reserved 1048576K
}
Event: 4.249 GC heap before
{Heap before GC invocations=13 (full 0):
 garbage-first heap   total 82944K, used 63630K [0x0000000081800000, 0x0000000100000000)
  region size 1024K, 27 young (27648K), 3 survivors (3072K)
 Metaspace       used 27335K, committed 27776K, reserved 1114112K
  class space    used 2914K, committed 3136K, reserved 1048576K
}
Event: 4.255 GC heap after
{Heap after GC invocations=14 (full 0):
 garbage-first heap   total 82944K, used 40105K [0x0000000081800000, 0x0000000100000000)
  region size 1024K, 3 young (3072K), 3 survivors (3072K)
 Metaspace       used 27335K, committed 27776K, reserved 1114112K
  class space    used 2914K, committed 3136K, reserved 1048576K
}
Event: 4.375 GC heap before
{Heap before GC invocations=14 (full 0):
 garbage-first heap   total 82944K, used 63657K [0x0000000081800000, 0x0000000100000000)
  region size 1024K, 27 young (27648K), 3 survivors (3072K)
 Metaspace       used 27433K, committed 27968K, reserved 1114112K
  class space    used 2917K, committed 3200K, reserved 1048576K
}

