# JRE version: Java(TM) SE Runtime Environment (18.0.2+9) (build 18.0.2+9-61)
# Java VM: Java HotSpot(TM) 64-Bit Server VM (18.0.2+9-61, mixed mode, sharing, tiered, compressed oops, compressed class ptrs, g1 gc, windows-amd64)
GC Precious Log:
 CardTable entry size: 512
 Card Set container configuration: InlinePtr #cards 5 size 8 Array Of Cards #cards 12 size 40 Howl #buckets 4 coarsen threshold 1843 Howl Bitmap #cards 512 size 80 coarsen threshold 460 Card regions per heap region 1 cards per card region 2048
 CPUs: 4 total, 4 available
 Memory: 8088M
 Large Page Support: Disabled
 NUMA Support: Disabled
 Compressed Oops: Enabled (32-bit)
 Heap Region Size: 1M
 Heap Min Capacity: 8M
 Heap Initial Capacity: 128M
 Heap Max Capacity: 2024M
 Pre-touch: Disabled
 Parallel Workers: 4
 Concurrent Workers: 1
 Concurrent Refinement Workers: 4
 Periodic GC: Disabled
Heap:
 garbage-first heap   total 134144K, used 32954K [0x0000000081800000, 0x0000000100000000)
  region size 1024K, 1 young (1024K), 1 survivors (1024K)
 Metaspace       used 30695K, committed 31296K, reserved 1114112K
  class space    used 3237K, committed 3584K, reserved 1048576K
GC Heap History (20 events):
Event: 11.373 GC heap after
{Heap after GC invocations=18 (full 0):
 garbage-first heap   total 75776K, used 38926K [0x0000000081800000, 0x0000000100000000)
  region size 1024K, 2 young (2048K), 2 survivors (2048K)
 Metaspace       used 27161K, committed 27712K, reserved 1114112K
  class space    used 2916K, committed 3200K, reserved 1048576K
}
Event: 11.507 GC heap before
{Heap before GC invocations=18 (full 0):
 garbage-first heap   total 75776K, used 61454K [0x0000000081800000, 0x0000000100000000)
  region size 1024K, 24 young (24576K), 2 survivors (2048K)
 Metaspace       used 27273K, committed 27776K, reserved 1114112K
  class space    used 2919K, committed 3200K, reserved 1048576K
}
Event: 11.512 GC heap after
{Heap after GC invocations=19 (full 0):
 garbage-first heap   total 91136K, used 39591K [0x0000000081800000, 0x0000000100000000)
  region size 1024K, 2 young (2048K), 2 survivors (2048K)
 Metaspace       used 27273K, committed 27776K, reserved 1114112K
  class space    used 2919K, committed 3200K, reserved 1048576K
}
Event: 12.515 GC heap before
{Heap before GC invocations=20 (full 0):
 garbage-first heap   total 91136K, used 73383K [0x0000000081800000, 0x0000000100000000)
  region size 1024K, 36 young (36864K), 2 survivors (2048K)
 Metaspace       used 29408K, committed 29952K, reserved 1114112K
  class space    used 3136K, committed 3392K, reserved 1048576K
}
Event: 12.522 GC heap after
{Heap after GC invocations=21 (full 0):
 garbage-first heap   total 91136K, used 41812K [0x0000000081800000, 0x0000000100000000)
  region size 1024K, 5 young (5120K), 5 survivors (5120K)
 Metaspace       used 29408K, committed 29952K, reserved 1114112K
  class space    used 3136K, committed 3392K, reserved 1048576K
}
Event: 13.042 GC heap before
{Heap before GC invocations=21 (full 0):
 garbage-first heap   total 91136K, used 73556K [0x0000000081800000, 0x0000000100000000)
  region size 1024K, 36 young (36864K), 5 survivors (5120K)
 Metaspace       used 29541K, committed 30080K, reserved 1114112K
  class space    used 3147K, committed 3392K, reserved 1048576K
}
Event: 13.054 GC heap after
{Heap after GC invocations=22 (full 0):
 garbage-first heap   total 91136K, used 51540K [0x0000000081800000, 0x0000000100000000)
  region size 1024K, 5 young (5120K), 5 survivors (5120K)
 Metaspace       used 29541K, committed 30080K, reserved 1114112K
  class space    used 3147K, committed 3392K, reserved 1048576K
}
Event: 13.114 GC heap before
{Heap before GC invocations=22 (full 0):
 garbage-first heap   total 91136K, used 55636K [0x0000000081800000, 0x0000000100000000)
  region size 1024K, 10 young (10240K), 5 survivors (5120K)
 Metaspace       used 29554K, committed 30080K, reserved 1114112K
  class space    used 3147K, committed 3392K, reserved 1048576K
}
Event: 13.118 GC heap after
{Heap after GC invocations=23 (full 0):
 garbage-first heap   total 91136K, used 53488K [0x0000000081800000, 0x0000000100000000)
  region size 1024K, 2 young (2048K), 2 survivors (2048K)
 Metaspace       used 29554K, committed 30080K, reserved 1114112K
  class space    used 3147K, committed 3392K, reserved 1048576K
}
Event: 13.347 GC heap before
{Heap before GC invocations=24 (full 0):
 garbage-first heap   total 97280K, used 70896K [0x0000000081800000, 0x0000000100000000)
  region size 1024K, 18 young (18432K), 2 survivors (2048K)
 Metaspace       used 30372K, committed 30912K, reserved 1114112K
  class space    used 3242K, committed 3520K, reserved 1048576K
}
Event: 13.349 GC heap after
{Heap after GC invocations=25 (full 0):
 garbage-first heap   total 97280K, used 55686K [0x0000000081800000, 0x0000000100000000)
  region size 1024K, 2 young (2048K), 2 survivors (2048K)
 Metaspace       used 30372K, committed 30912K, reserved 1114112K
  class space    used 3242K, committed 3520K, reserved 1048576K
}
Event: 13.364 GC heap before
{Heap before GC invocations=25 (full 0):
 garbage-first heap   total 97280K, used 57734K [0x0000000081800000, 0x0000000100000000)
  region size 1024K, 4 young (4096K), 2 survivors (2048K)
 Metaspace       used 30471K, committed 30976K, reserved 1114112K
  class space    used 3256K, committed 3520K, reserved 1048576K
}
Event: 13.367 GC heap after
{Heap after GC invocations=26 (full 0):
 garbage-first heap   total 97280K, used 48826K [0x0000000081800000, 0x0000000100000000)
  region size 1024K, 1 young (1024K), 1 survivors (1024K)
 Metaspace       used 30471K, committed 30976K, reserved 1114112K
  class space    used 3256K, committed 3520K, reserved 1048576K
}
Event: 13.641 GC heap before
{Heap before GC invocations=26 (full 0):
 garbage-first heap   total 97280K, used 71354K [0x0000000081800000, 0x0000000100000000)
  region size 1024K, 24 young (24576K), 1 survivors (1024K)
 Metaspace       used 31014K, committed 31616K, reserved 1114112K
  class space    used 3303K, committed 3584K, reserved 1048576K
}
Event: 13.644 GC heap after
{Heap after GC invocations=27 (full 0):
 garbage-first heap   total 97280K, used 49969K [0x0000000081800000, 0x0000000100000000)
  region size 1024K, 2 young (2048K), 2 survivors (2048K)
 Metaspace       used 31014K, committed 31616K, reserved 1114112K
  class space    used 3303K, committed 3584K, reserved 1048576K
}
Event: 14.216 GC heap before
{Heap before GC invocations=28 (full 0):
 garbage-first heap   total 97280K, used 73521K [0x0000000081800000, 0x0000000100000000)
  region size 1024K, 26 young (26624K), 2 survivors (2048K)
 Metaspace       used 30684K, committed 31296K, reserved 1114112K
  class space    used 3237K, committed 3584K, reserved 1048576K
}
Event: 14.221 GC heap after
{Heap after GC invocations=29 (full 0):
 garbage-first heap   total 97280K, used 50782K [0x0000000081800000, 0x0000000100000000)
  region size 1024K, 4 young (4096K), 4 survivors (4096K)
 Metaspace       used 30684K, committed 31296K, reserved 1114112K
  class space    used 3237K, committed 3584K, reserved 1048576K
}
Event: 14.226 GC heap before
{Heap before GC invocations=29 (full 0):
 garbage-first heap   total 97280K, used 51806K [0x0000000081800000, 0x0000000100000000)
  region size 1024K, 5 young (5120K), 4 survivors (4096K)
 Metaspace       used 30692K, committed 31296K, reserved 1114112K
  class space    used 3237K, committed 3584K, reserved 1048576K
}
Event: 14.231 GC heap after
{Heap after GC invocations=30 (full 0):
 garbage-first heap   total 97280K, used 41071K [0x0000000081800000, 0x0000000100000000)
  region size 1024K, 1 young (1024K), 1 survivors (1024K)
 Metaspace       used 30692K, committed 31296K, reserved 1114112K
  class space    used 3237K, committed 3584K, reserved 1048576K
}
Event: 14.247 GC heap before
{Heap before GC invocations=30 (full 0):
 garbage-first heap   total 97280K, used 44143K [0x0000000081800000, 0x0000000100000000)
  region size 1024K, 4 young (4096K), 1 survivors (1024K)
 Metaspace       used 30695K, committed 31296K, reserved 1114112K
  class space    used 3237K, committed 3584K, reserved 1048576K
}

