# JRE version: Java(TM) SE Runtime Environment (18.0.2+9) (build 18.0.2+9-61)
# Java VM: Java HotSpot(TM) 64-Bit Server VM (18.0.2+9-61, mixed mode, sharing, tiered, compressed oops, compressed class ptrs, g1 gc, windows-amd64)
GC Precious Log:
 CardTable entry size: 512
 Card Set container configuration: InlinePtr #cards 5 size 8 Array Of Cards #cards 12 size 40 Howl #buckets 4 coarsen threshold 1843 Howl Bitmap #cards 512 size 80 coarsen threshold 460 Card regions per heap region 1 cards per card region 2048
 CPUs: 4 total, 4 available
 Memory: 8088M
 Large Page Support: Disabled
 NUMA Support: Disabled
 Compressed Oops: Enabled (32-bit)
 Heap Region Size: 1M
 Heap Min Capacity: 8M
 Heap Initial Capacity: 128M
 Heap Max Capacity: 2024M
 Pre-touch: Disabled
 Parallel Workers: 4
 Concurrent Workers: 1
 Concurrent Refinement Workers: 4
 Periodic GC: Disabled
Heap:
 garbage-first heap   total 124928K, used 75070K [0x0000000081800000, 0x0000000100000000)
  region size 1024K, 26 young (26624K), 1 survivors (1024K)
 Metaspace       used 33073K, committed 33600K, reserved 1114112K
  class space    used 3498K, committed 3776K, reserved 1048576K
GC Heap History (20 events):
Event: 3.444 GC heap before
{Heap before GC invocations=6 (full 0):
 garbage-first heap   total 65536K, used 63818K [0x0000000081800000, 0x0000000100000000)
  region size 1024K, 53 young (54272K), 7 survivors (7168K)
 Metaspace       used 24078K, committed 24448K, reserved 1114112K
  class space    used 2610K, committed 2816K, reserved 1048576K
}
Event: 3.465 GC heap after
{Heap after GC invocations=7 (full 0):
 garbage-first heap   total 86016K, used 30844K [0x0000000081800000, 0x0000000100000000)
  region size 1024K, 12 young (12288K), 12 survivors (12288K)
 Metaspace       used 24078K, committed 24448K, reserved 1114112K
  class space    used 2610K, committed 2816K, reserved 1048576K
}
Event: 3.939 GC heap before
{Heap before GC invocations=7 (full 0):
 garbage-first heap   total 86016K, used 61564K [0x0000000081800000, 0x0000000100000000)
  region size 1024K, 42 young (43008K), 12 survivors (12288K)
 Metaspace       used 25472K, committed 25920K, reserved 1114112K
  class space    used 2721K, committed 2944K, reserved 1048576K
}
Event: 3.953 GC heap after
{Heap after GC invocations=8 (full 0):
 garbage-first heap   total 86016K, used 37354K [0x0000000081800000, 0x0000000100000000)
  region size 1024K, 5 young (5120K), 5 survivors (5120K)
 Metaspace       used 25472K, committed 25920K, reserved 1114112K
  class space    used 2721K, committed 2944K, reserved 1048576K
}
Event: 4.244 GC heap before
{Heap before GC invocations=8 (full 0):
 garbage-first heap   total 86016K, used 62954K [0x0000000081800000, 0x0000000100000000)
  region size 1024K, 31 young (31744K), 5 survivors (5120K)
 Metaspace       used 26647K, committed 27072K, reserved 1114112K
  class space    used 2847K, committed 3072K, reserved 1048576K
}
Event: 4.250 GC heap after
{Heap after GC invocations=9 (full 0):
 garbage-first heap   total 86016K, used 37866K [0x0000000081800000, 0x0000000100000000)
  region size 1024K, 1 young (1024K), 1 survivors (1024K)
 Metaspace       used 26647K, committed 27072K, reserved 1114112K
  class space    used 2847K, committed 3072K, reserved 1048576K
}
Event: 4.415 GC heap before
{Heap before GC invocations=9 (full 0):
 garbage-first heap   total 86016K, used 66538K [0x0000000081800000, 0x0000000100000000)
  region size 1024K, 29 young (29696K), 1 survivors (1024K)
 Metaspace       used 27164K, committed 27648K, reserved 1114112K
  class space    used 2919K, committed 3136K, reserved 1048576K
}
Event: 4.417 GC heap after
{Heap after GC invocations=10 (full 0):
 garbage-first heap   total 86016K, used 37862K [0x0000000081800000, 0x0000000100000000)
  region size 1024K, 1 young (1024K), 1 survivors (1024K)
 Metaspace       used 27164K, committed 27648K, reserved 1114112K
  class space    used 2919K, committed 3136K, reserved 1048576K
}
Event: 4.625 GC heap before
{Heap before GC invocations=10 (full 0):
 garbage-first heap   total 86016K, used 67558K [0x0000000081800000, 0x0000000100000000)
  region size 1024K, 30 young (30720K), 1 survivors (1024K)
 Metaspace       used 27414K, committed 27968K, reserved 1114112K
  class space    used 2925K, committed 3200K, reserved 1048576K
}
Event: 4.629 GC heap after
{Heap after GC invocations=11 (full 0):
 garbage-first heap   total 103424K, used 39091K [0x0000000081800000, 0x0000000100000000)
  region size 1024K, 3 young (3072K), 3 survivors (3072K)
 Metaspace       used 27414K, committed 27968K, reserved 1114112K
  class space    used 2925K, committed 3200K, reserved 1048576K
}
Event: 5.239 GC heap before
{Heap before GC invocations=11 (full 0):
 garbage-first heap   total 103424K, used 81075K [0x0000000081800000, 0x0000000100000000)
  region size 1024K, 44 young (45056K), 3 survivors (3072K)
 Metaspace       used 29441K, committed 30016K, reserved 1114112K
  class space    used 3140K, committed 3392K, reserved 1048576K
}
Event: 5.246 GC heap after
{Heap after GC invocations=12 (full 0):
 garbage-first heap   total 103424K, used 40863K [0x0000000081800000, 0x0000000100000000)
  region size 1024K, 4 young (4096K), 4 survivors (4096K)
 Metaspace       used 29441K, committed 30016K, reserved 1114112K
  class space    used 3140K, committed 3392K, reserved 1048576K
}
Event: 5.749 GC heap before
{Heap before GC invocations=12 (full 0):
 garbage-first heap   total 103424K, used 83871K [0x0000000081800000, 0x0000000100000000)
  region size 1024K, 44 young (45056K), 4 survivors (4096K)
 Metaspace       used 29694K, committed 30208K, reserved 1114112K
  class space    used 3158K, committed 3392K, reserved 1048576K
}
Event: 5.762 GC heap after
{Heap after GC invocations=13 (full 0):
 garbage-first heap   total 103424K, used 54392K [0x0000000081800000, 0x0000000100000000)
  region size 1024K, 6 young (6144K), 6 survivors (6144K)
 Metaspace       used 29694K, committed 30208K, reserved 1114112K
  class space    used 3158K, committed 3392K, reserved 1048576K
}
Event: 6.029 GC heap before
{Heap before GC invocations=13 (full 0):
 garbage-first heap   total 103424K, used 77944K [0x0000000081800000, 0x0000000100000000)
  region size 1024K, 30 young (30720K), 6 survivors (6144K)
 Metaspace       used 30951K, committed 31488K, reserved 1114112K
  class space    used 3305K, committed 3584K, reserved 1048576K
}
Event: 6.035 GC heap after
{Heap after GC invocations=14 (full 0):
 garbage-first heap   total 103424K, used 56201K [0x0000000081800000, 0x0000000100000000)
  region size 1024K, 1 young (1024K), 1 survivors (1024K)
 Metaspace       used 30951K, committed 31488K, reserved 1114112K
  class space    used 3305K, committed 3584K, reserved 1048576K
}
Event: 6.276 GC heap before
{Heap before GC invocations=15 (full 0):
 garbage-first heap   total 103424K, used 80777K [0x0000000081800000, 0x0000000100000000)
  region size 1024K, 25 young (25600K), 1 survivors (1024K)
 Metaspace       used 31472K, committed 32000K, reserved 1114112K
  class space    used 3344K, committed 3584K, reserved 1048576K
}
Event: 6.279 GC heap after
{Heap after GC invocations=16 (full 0):
 garbage-first heap   total 103424K, used 57291K [0x0000000081800000, 0x0000000100000000)
  region size 1024K, 2 young (2048K), 2 survivors (2048K)
 Metaspace       used 31472K, committed 32000K, reserved 1114112K
  class space    used 3344K, committed 3584K, reserved 1048576K
}
Event: 6.298 GC heap before
{Heap before GC invocations=16 (full 0):
 garbage-first heap   total 103424K, used 60363K [0x0000000081800000, 0x0000000100000000)
  region size 1024K, 5 young (5120K), 2 survivors (2048K)
 Metaspace       used 31770K, committed 32320K, reserved 1114112K
  class space    used 3366K, committed 3648K, reserved 1048576K
}
Event: 6.303 GC heap after
{Heap after GC invocations=17 (full 0):
 garbage-first heap   total 124928K, used 51518K [0x0000000081800000, 0x0000000100000000)
  region size 1024K, 1 young (1024K), 1 survivors (1024K)
 Metaspace       used 31770K, committed 32320K, reserved 1114112K
  class space    used 3366K, committed 3648K, reserved 1048576K
}

