# JRE version: Java(TM) SE Runtime Environment (18.0.2+9) (build 18.0.2+9-61)
# Java VM: Java HotSpot(TM) 64-Bit Server VM (18.0.2+9-61, mixed mode, sharing, tiered, compressed oops, compressed class ptrs, g1 gc, windows-amd64)
GC Precious Log:
 CardTable entry size: 512
 Card Set container configuration: InlinePtr #cards 5 size 8 Array Of Cards #cards 12 size 40 Howl #buckets 4 coarsen threshold 1843 Howl Bitmap #cards 512 size 80 coarsen threshold 460 Card regions per heap region 1 cards per card region 2048
 CPUs: 4 total, 4 available
 Memory: 8088M
 Large Page Support: Disabled
 NUMA Support: Disabled
 Compressed Oops: Enabled (32-bit)
 Heap Region Size: 1M
 Heap Min Capacity: 8M
 Heap Initial Capacity: 128M
 Heap Max Capacity: 2024M
 Pre-touch: Disabled
 Parallel Workers: 4
 Concurrent Workers: 1
 Concurrent Refinement Workers: 4
 Periodic GC: Disabled
Heap:
 garbage-first heap   total 174080K, used 64244K [0x0000000081800000, 0x0000000100000000)
  region size 1024K, 14 young (14336K), 5 survivors (5120K)
 Metaspace       used 32904K, committed 33536K, reserved 1114112K
  class space    used 3488K, committed 3776K, reserved 1048576K
GC Heap History (20 events):
Event: 1.243 GC heap before
{Heap before GC invocations=1 (full 0):
 garbage-first heap   total 131072K, used 15615K [0x0000000081800000, 0x0000000100000000)
  region size 1024K, 14 young (14336K), 2 survivors (2048K)
 Metaspace       used 5438K, committed 5632K, reserved 1114112K
  class space    used 621K, committed 704K, reserved 1048576K
}
Event: 1.246 GC heap after
{Heap after GC invocations=2 (full 0):
 garbage-first heap   total 131072K, used 4165K [0x0000000081800000, 0x0000000100000000)
  region size 1024K, 1 young (1024K), 1 survivors (1024K)
 Metaspace       used 5438K, committed 5632K, reserved 1114112K
  class space    used 621K, committed 704K, reserved 1048576K
}
Event: 1.811 GC heap before
{Heap before GC invocations=2 (full 0):
 garbage-first heap   total 131072K, used 29765K [0x0000000081800000, 0x0000000100000000)
  region size 1024K, 26 young (26624K), 1 survivors (1024K)
 Metaspace       used 9963K, committed 10112K, reserved 1114112K
  class space    used 1181K, committed 1280K, reserved 1048576K
}
Event: 1.815 GC heap after
{Heap after GC invocations=3 (full 0):
 garbage-first heap   total 131072K, used 6324K [0x0000000081800000, 0x0000000100000000)
  region size 1024K, 3 young (3072K), 3 survivors (3072K)
 Metaspace       used 9963K, committed 10112K, reserved 1114112K
  class space    used 1181K, committed 1280K, reserved 1048576K
}
Event: 2.401 GC heap before
{Heap before GC invocations=3 (full 0):
 garbage-first heap   total 131072K, used 44212K [0x0000000081800000, 0x0000000100000000)
  region size 1024K, 40 young (40960K), 3 survivors (3072K)
 Metaspace       used 13462K, committed 13760K, reserved 1114112K
  class space    used 1511K, committed 1664K, reserved 1048576K
}
Event: 2.409 GC heap after
{Heap after GC invocations=4 (full 0):
 garbage-first heap   total 131072K, used 11111K [0x0000000081800000, 0x0000000100000000)
  region size 1024K, 5 young (5120K), 5 survivors (5120K)
 Metaspace       used 13462K, committed 13760K, reserved 1114112K
  class space    used 1511K, committed 1664K, reserved 1048576K
}
Event: 4.310 GC heap before
{Heap before GC invocations=4 (full 0):
 garbage-first heap   total 131072K, used 83815K [0x0000000081800000, 0x0000000100000000)
  region size 1024K, 76 young (77824K), 5 survivors (5120K)
 Metaspace       used 15295K, committed 15616K, reserved 1114112K
  class space    used 1646K, committed 1792K, reserved 1048576K
}
Event: 4.321 GC heap after
{Heap after GC invocations=5 (full 0):
 garbage-first heap   total 131072K, used 16355K [0x0000000081800000, 0x0000000100000000)
  region size 1024K, 10 young (10240K), 10 survivors (10240K)
 Metaspace       used 15295K, committed 15616K, reserved 1114112K
  class space    used 1646K, committed 1792K, reserved 1048576K
}
Event: 4.637 GC heap before
{Heap before GC invocations=5 (full 0):
 garbage-first heap   total 131072K, used 30691K [0x0000000081800000, 0x0000000100000000)
  region size 1024K, 25 young (25600K), 10 survivors (10240K)
 Metaspace       used 21157K, committed 21504K, reserved 1114112K
  class space    used 2316K, committed 2496K, reserved 1048576K
}
Event: 4.648 GC heap after
{Heap after GC invocations=6 (full 0):
 garbage-first heap   total 131072K, used 18432K [0x0000000081800000, 0x0000000100000000)
  region size 1024K, 7 young (7168K), 7 survivors (7168K)
 Metaspace       used 21157K, committed 21504K, reserved 1114112K
  class space    used 2316K, committed 2496K, reserved 1048576K
}
Event: 5.173 GC heap before
{Heap before GC invocations=7 (full 0):
 garbage-first heap   total 65536K, used 64512K [0x0000000081800000, 0x0000000100000000)
  region size 1024K, 53 young (54272K), 7 survivors (7168K)
 Metaspace       used 24060K, committed 24448K, reserved 1114112K
  class space    used 2611K, committed 2816K, reserved 1048576K
}
Event: 5.197 GC heap after
{Heap after GC invocations=8 (full 0):
 garbage-first heap   total 87040K, used 32137K [0x0000000081800000, 0x0000000100000000)
  region size 1024K, 10 young (10240K), 10 survivors (10240K)
 Metaspace       used 24060K, committed 24448K, reserved 1114112K
  class space    used 2611K, committed 2816K, reserved 1048576K
}
Event: 5.220 GC heap before
{Heap before GC invocations=8 (full 0):
 garbage-first heap   total 87040K, used 33161K [0x0000000081800000, 0x0000000100000000)
  region size 1024K, 11 young (11264K), 10 survivors (10240K)
 Metaspace       used 24136K, committed 24512K, reserved 1114112K
  class space    used 2617K, committed 2816K, reserved 1048576K
}
Event: 5.229 GC heap after
{Heap after GC invocations=9 (full 0):
 garbage-first heap   total 87040K, used 33280K [0x0000000081800000, 0x0000000100000000)
  region size 1024K, 1 young (1024K), 1 survivors (1024K)
 Metaspace       used 24136K, committed 24512K, reserved 1114112K
  class space    used 2617K, committed 2816K, reserved 1048576K
}
Event: 5.740 GC heap before
{Heap before GC invocations=9 (full 0):
 garbage-first heap   total 87040K, used 62976K [0x0000000081800000, 0x0000000100000000)
  region size 1024K, 30 young (30720K), 1 survivors (1024K)
 Metaspace       used 25478K, committed 25920K, reserved 1114112K
  class space    used 2723K, committed 2944K, reserved 1048576K
}
Event: 5.748 GC heap after
{Heap after GC invocations=10 (full 0):
 garbage-first heap   total 174080K, used 38400K [0x0000000081800000, 0x0000000100000000)
  region size 1024K, 4 young (4096K), 4 survivors (4096K)
 Metaspace       used 25478K, committed 25920K, reserved 1114112K
  class space    used 2723K, committed 2944K, reserved 1048576K
}
Event: 6.553 GC heap before
{Heap before GC invocations=10 (full 0):
 garbage-first heap   total 174080K, used 115200K [0x0000000081800000, 0x0000000100000000)
  region size 1024K, 80 young (81920K), 4 survivors (4096K)
 Metaspace       used 27372K, committed 27904K, reserved 1114112K
  class space    used 2924K, committed 3200K, reserved 1048576K
}
Event: 6.559 GC heap after
{Heap after GC invocations=11 (full 0):
 garbage-first heap   total 174080K, used 40328K [0x0000000081800000, 0x0000000100000000)
  region size 1024K, 6 young (6144K), 6 survivors (6144K)
 Metaspace       used 27372K, committed 27904K, reserved 1114112K
  class space    used 2924K, committed 3200K, reserved 1048576K
}
Event: 7.623 GC heap before
{Heap before GC invocations=11 (full 0):
 garbage-first heap   total 174080K, used 125320K [0x0000000081800000, 0x0000000100000000)
  region size 1024K, 89 young (91136K), 6 survivors (6144K)
 Metaspace       used 29609K, committed 30144K, reserved 1114112K
  class space    used 3157K, committed 3392K, reserved 1048576K
}
Event: 7.633 GC heap after
{Heap after GC invocations=12 (full 0):
 garbage-first heap   total 174080K, used 52528K [0x0000000081800000, 0x0000000100000000)
  region size 1024K, 12 young (12288K), 12 survivors (12288K)
 Metaspace       used 29609K, committed 30144K, reserved 1114112K
  class space    used 3157K, committed 3392K, reserved 1048576K
}

