# JRE version: Java(TM) SE Runtime Environment (18.0.2+9) (build 18.0.2+9-61)
# Java VM: Java HotSpot(TM) 64-Bit Server VM (18.0.2+9-61, mixed mode, sharing, tiered, compressed oops, compressed class ptrs, g1 gc, windows-amd64)
GC Precious Log:
 CardTable entry size: 512
 Card Set container configuration: InlinePtr #cards 5 size 8 Array Of Cards #cards 12 size 40 Howl #buckets 4 coarsen threshold 1843 Howl Bitmap #cards 512 size 80 coarsen threshold 460 Card regions per heap region 1 cards per card region 2048
 CPUs: 4 total, 4 available
 Memory: 8088M
 Large Page Support: Disabled
 NUMA Support: Disabled
 Compressed Oops: Enabled (32-bit)
 Heap Region Size: 1M
 Heap Min Capacity: 8M
 Heap Initial Capacity: 128M
 Heap Max Capacity: 2024M
 Pre-touch: Disabled
 Parallel Workers: 4
 Concurrent Workers: 1
 Concurrent Refinement Workers: 4
 Periodic GC: Disabled
Heap:
 garbage-first heap   total 142336K, used 50661K [0x0000000081800000, 0x0000000100000000)
  region size 1024K, 20 young (20480K), 3 survivors (3072K)
 Metaspace       used 25119K, committed 25472K, reserved 1114112K
  class space    used 2679K, committed 2880K, reserved 1048576K
GC Heap History (16 events):
Event: 0.403 GC heap before
{Heap before GC invocations=0 (full 0):
 garbage-first heap   total 131072K, used 13312K [0x0000000081800000, 0x0000000100000000)
  region size 1024K, 13 young (13312K), 0 survivors (0K)
 Metaspace       used 3906K, committed 4096K, reserved 1114112K
  class space    used 403K, committed 512K, reserved 1048576K
}
Event: 0.407 GC heap after
{Heap after GC invocations=1 (full 0):
 garbage-first heap   total 131072K, used 3401K [0x0000000081800000, 0x0000000100000000)
  region size 1024K, 2 young (2048K), 2 survivors (2048K)
 Metaspace       used 3906K, committed 4096K, reserved 1114112K
  class space    used 403K, committed 512K, reserved 1048576K
}
Event: 0.627 GC heap before
{Heap before GC invocations=1 (full 0):
 garbage-first heap   total 131072K, used 17737K [0x0000000081800000, 0x0000000100000000)
  region size 1024K, 16 young (16384K), 2 survivors (2048K)
 Metaspace       used 5823K, committed 5952K, reserved 1114112K
  class space    used 667K, committed 704K, reserved 1048576K
}
Event: 0.630 GC heap after
{Heap after GC invocations=2 (full 0):
 garbage-first heap   total 131072K, used 4180K [0x0000000081800000, 0x0000000100000000)
  region size 1024K, 1 young (1024K), 1 survivors (1024K)
 Metaspace       used 5823K, committed 5952K, reserved 1114112K
  class space    used 667K, committed 704K, reserved 1048576K
}
Event: 1.772 GC heap before
{Heap before GC invocations=2 (full 0):
 garbage-first heap   total 131072K, used 80980K [0x0000000081800000, 0x0000000100000000)
  region size 1024K, 76 young (77824K), 1 survivors (1024K)
 Metaspace       used 13652K, committed 13952K, reserved 1114112K
  class space    used 1513K, committed 1664K, reserved 1048576K
}
Event: 1.782 GC heap after
{Heap after GC invocations=3 (full 0):
 garbage-first heap   total 131072K, used 12198K [0x0000000081800000, 0x0000000100000000)
  region size 1024K, 9 young (9216K), 9 survivors (9216K)
 Metaspace       used 13652K, committed 13952K, reserved 1114112K
  class space    used 1513K, committed 1664K, reserved 1048576K
}
Event: 2.599 GC heap before
{Heap before GC invocations=3 (full 0):
 garbage-first heap   total 131072K, used 112550K [0x0000000081800000, 0x0000000100000000)
  region size 1024K, 75 young (76800K), 9 survivors (9216K)
 Metaspace       used 17449K, committed 17792K, reserved 1114112K
  class space    used 1869K, committed 2048K, reserved 1048576K
}
Event: 2.610 GC heap after
{Heap after GC invocations=4 (full 0):
 garbage-first heap   total 131072K, used 16871K [0x0000000081800000, 0x0000000100000000)
  region size 1024K, 6 young (6144K), 6 survivors (6144K)
 Metaspace       used 17449K, committed 17792K, reserved 1114112K
  class space    used 1869K, committed 2048K, reserved 1048576K
}
Event: 2.734 GC heap before
{Heap before GC invocations=4 (full 0):
 garbage-first heap   total 131072K, used 18919K [0x0000000081800000, 0x0000000100000000)
  region size 1024K, 9 young (9216K), 6 survivors (6144K)
 Metaspace       used 21136K, committed 21504K, reserved 1114112K
  class space    used 2311K, committed 2496K, reserved 1048576K
}
Event: 2.739 GC heap after
{Heap after GC invocations=5 (full 0):
 garbage-first heap   total 131072K, used 17454K [0x0000000081800000, 0x0000000100000000)
  region size 1024K, 6 young (6144K), 6 survivors (6144K)
 Metaspace       used 21136K, committed 21504K, reserved 1114112K
  class space    used 2311K, committed 2496K, reserved 1048576K
}
Event: 3.287 GC heap before
{Heap before GC invocations=6 (full 0):
 garbage-first heap   total 65536K, used 50222K [0x0000000081800000, 0x0000000100000000)
  region size 1024K, 38 young (38912K), 6 survivors (6144K)
 Metaspace       used 23526K, committed 23808K, reserved 1114112K
  class space    used 2541K, committed 2688K, reserved 1048576K
}
Event: 3.300 GC heap after
{Heap after GC invocations=7 (full 0):
 garbage-first heap   total 69632K, used 28864K [0x0000000081800000, 0x0000000100000000)
  region size 1024K, 5 young (5120K), 5 survivors (5120K)
 Metaspace       used 23526K, committed 23808K, reserved 1114112K
  class space    used 2541K, committed 2688K, reserved 1048576K
}
Event: 3.304 GC heap before
{Heap before GC invocations=7 (full 0):
 garbage-first heap   total 69632K, used 29888K [0x0000000081800000, 0x0000000100000000)
  region size 1024K, 6 young (6144K), 5 survivors (5120K)
 Metaspace       used 23529K, committed 23872K, reserved 1114112K
  class space    used 2541K, committed 2688K, reserved 1048576K
}
Event: 3.307 GC heap after
{Heap after GC invocations=8 (full 0):
 garbage-first heap   total 69632K, used 30048K [0x0000000081800000, 0x0000000100000000)
  region size 1024K, 1 young (1024K), 1 survivors (1024K)
 Metaspace       used 23529K, committed 23872K, reserved 1114112K
  class space    used 2541K, committed 2688K, reserved 1048576K
}
Event: 3.756 GC heap before
{Heap before GC invocations=8 (full 0):
 garbage-first heap   total 69632K, used 50528K [0x0000000081800000, 0x0000000100000000)
  region size 1024K, 21 young (21504K), 1 survivors (1024K)
 Metaspace       used 24383K, committed 24768K, reserved 1114112K
  class space    used 2614K, committed 2816K, reserved 1048576K
}
Event: 3.763 GC heap after
{Heap after GC invocations=9 (full 0):
 garbage-first heap   total 142336K, used 33253K [0x0000000081800000, 0x0000000100000000)
  region size 1024K, 3 young (3072K), 3 survivors (3072K)
 Metaspace       used 24383K, committed 24768K, reserved 1114112K
  class space    used 2614K, committed 2816K, reserved 1048576K
}

