# JRE version: Java(TM) SE Runtime Environment (18.0.2+9) (build 18.0.2+9-61)
# Java VM: Java HotSpot(TM) 64-Bit Server VM (18.0.2+9-61, mixed mode, sharing, tiered, compressed oops, compressed class ptrs, g1 gc, windows-amd64)
GC Precious Log:
 CardTable entry size: 512
 Card Set container configuration: InlinePtr #cards 5 size 8 Array Of Cards #cards 12 size 40 Howl #buckets 4 coarsen threshold 1843 Howl Bitmap #cards 512 size 80 coarsen threshold 460 Card regions per heap region 1 cards per card region 2048
 CPUs: 4 total, 4 available
 Memory: 8088M
 Large Page Support: Disabled
 NUMA Support: Disabled
 Compressed Oops: Enabled (32-bit)
 Heap Region Size: 1M
 Heap Min Capacity: 8M
 Heap Initial Capacity: 128M
 Heap Max Capacity: 2024M
 Pre-touch: Disabled
 Parallel Workers: 4
 Concurrent Workers: 1
 Concurrent Refinement Workers: 4
 Periodic GC: Disabled
Heap:
 garbage-first heap   total 135168K, used 39236K [0x0000000081800000, 0x0000000100000000)
  region size 1024K, 1 young (1024K), 1 survivors (1024K)
 Metaspace       used 27274K, committed 27776K, reserved 1114112K
  class space    used 2914K, committed 3136K, reserved 1048576K
GC Heap History (20 events):
Event: 0.765 GC heap after
{Heap after GC invocations=2 (full 0):
 garbage-first heap   total 131072K, used 4606K [0x0000000081800000, 0x0000000100000000)
  region size 1024K, 2 young (2048K), 2 survivors (2048K)
 Metaspace       used 5891K, committed 6080K, reserved 1114112K
  class space    used 666K, committed 768K, reserved 1048576K
}
Event: 1.811 GC heap before
{Heap before GC invocations=2 (full 0):
 garbage-first heap   total 131072K, used 80382K [0x0000000081800000, 0x0000000100000000)
  region size 1024K, 76 young (77824K), 2 survivors (2048K)
 Metaspace       used 13623K, committed 13952K, reserved 1114112K
  class space    used 1514K, committed 1664K, reserved 1048576K
}
Event: 1.821 GC heap after
{Heap after GC invocations=3 (full 0):
 garbage-first heap   total 131072K, used 11750K [0x0000000081800000, 0x0000000100000000)
  region size 1024K, 9 young (9216K), 9 survivors (9216K)
 Metaspace       used 13623K, committed 13952K, reserved 1114112K
  class space    used 1514K, committed 1664K, reserved 1048576K
}
Event: 2.618 GC heap before
{Heap before GC invocations=3 (full 0):
 garbage-first heap   total 131072K, used 112102K [0x0000000081800000, 0x0000000100000000)
  region size 1024K, 76 young (77824K), 9 survivors (9216K)
 Metaspace       used 17438K, committed 17792K, reserved 1114112K
  class space    used 1867K, committed 2048K, reserved 1048576K
}
Event: 2.629 GC heap after
{Heap after GC invocations=4 (full 0):
 garbage-first heap   total 131072K, used 16688K [0x0000000081800000, 0x0000000100000000)
  region size 1024K, 6 young (6144K), 6 survivors (6144K)
 Metaspace       used 17438K, committed 17792K, reserved 1114112K
  class space    used 1867K, committed 2048K, reserved 1048576K
}
Event: 2.746 GC heap before
{Heap before GC invocations=4 (full 0):
 garbage-first heap   total 131072K, used 19760K [0x0000000081800000, 0x0000000100000000)
  region size 1024K, 10 young (10240K), 6 survivors (6144K)
 Metaspace       used 21130K, committed 21504K, reserved 1114112K
  class space    used 2310K, committed 2496K, reserved 1048576K
}
Event: 2.750 GC heap after
{Heap after GC invocations=5 (full 0):
 garbage-first heap   total 131072K, used 17283K [0x0000000081800000, 0x0000000100000000)
  region size 1024K, 6 young (6144K), 6 survivors (6144K)
 Metaspace       used 21130K, committed 21504K, reserved 1114112K
  class space    used 2310K, committed 2496K, reserved 1048576K
}
Event: 3.136 GC heap before
{Heap before GC invocations=6 (full 0):
 garbage-first heap   total 61440K, used 46979K [0x0000000081800000, 0x0000000100000000)
  region size 1024K, 36 young (36864K), 6 survivors (6144K)
 Metaspace       used 23473K, committed 23808K, reserved 1114112K
  class space    used 2539K, committed 2688K, reserved 1048576K
}
Event: 3.150 GC heap after
{Heap after GC invocations=7 (full 0):
 garbage-first heap   total 65536K, used 27954K [0x0000000081800000, 0x0000000100000000)
  region size 1024K, 5 young (5120K), 5 survivors (5120K)
 Metaspace       used 23473K, committed 23808K, reserved 1114112K
  class space    used 2539K, committed 2688K, reserved 1048576K
}
Event: 3.157 GC heap before
{Heap before GC invocations=7 (full 0):
 garbage-first heap   total 65536K, used 28978K [0x0000000081800000, 0x0000000100000000)
  region size 1024K, 6 young (6144K), 5 survivors (5120K)
 Metaspace       used 23473K, committed 23808K, reserved 1114112K
  class space    used 2539K, committed 2688K, reserved 1048576K
}
Event: 3.162 GC heap after
{Heap after GC invocations=8 (full 0):
 garbage-first heap   total 78848K, used 29635K [0x0000000081800000, 0x0000000100000000)
  region size 1024K, 1 young (1024K), 1 survivors (1024K)
 Metaspace       used 23473K, committed 23808K, reserved 1114112K
  class space    used 2539K, committed 2688K, reserved 1048576K
}
Event: 3.495 GC heap before
{Heap before GC invocations=8 (full 0):
 garbage-first heap   total 78848K, used 55235K [0x0000000081800000, 0x0000000100000000)
  region size 1024K, 27 young (27648K), 1 survivors (1024K)
 Metaspace       used 24330K, committed 24768K, reserved 1114112K
  class space    used 2611K, committed 2816K, reserved 1048576K
}
Event: 3.502 GC heap after
{Heap after GC invocations=9 (full 0):
 garbage-first heap   total 78848K, used 34304K [0x0000000081800000, 0x0000000100000000)
  region size 1024K, 4 young (4096K), 4 survivors (4096K)
 Metaspace       used 24330K, committed 24768K, reserved 1114112K
  class space    used 2611K, committed 2816K, reserved 1048576K
}
Event: 3.859 GC heap before
{Heap before GC invocations=9 (full 0):
 garbage-first heap   total 78848K, used 57856K [0x0000000081800000, 0x0000000100000000)
  region size 1024K, 27 young (27648K), 4 survivors (4096K)
 Metaspace       used 25541K, committed 25920K, reserved 1114112K
  class space    used 2740K, committed 2944K, reserved 1048576K
}
Event: 3.869 GC heap after
{Heap after GC invocations=10 (full 0):
 garbage-first heap   total 78848K, used 38229K [0x0000000081800000, 0x0000000100000000)
  region size 1024K, 3 young (3072K), 3 survivors (3072K)
 Metaspace       used 25541K, committed 25920K, reserved 1114112K
  class space    used 2740K, committed 2944K, reserved 1048576K
}
Event: 4.098 GC heap before
{Heap before GC invocations=10 (full 0):
 garbage-first heap   total 78848K, used 58709K [0x0000000081800000, 0x0000000100000000)
  region size 1024K, 24 young (24576K), 3 survivors (3072K)
 Metaspace       used 26554K, committed 27008K, reserved 1114112K
  class space    used 2835K, committed 3072K, reserved 1048576K
}
Event: 4.102 GC heap after
{Heap after GC invocations=11 (full 0):
 garbage-first heap   total 78848K, used 38728K [0x0000000081800000, 0x0000000100000000)
  region size 1024K, 1 young (1024K), 1 survivors (1024K)
 Metaspace       used 26554K, committed 27008K, reserved 1114112K
  class space    used 2835K, committed 3072K, reserved 1048576K
}
Event: 4.311 GC heap before
{Heap before GC invocations=12 (full 0):
 garbage-first heap   total 78848K, used 60232K [0x0000000081800000, 0x0000000100000000)
  region size 1024K, 22 young (22528K), 1 survivors (1024K)
 Metaspace       used 27074K, committed 27520K, reserved 1114112K
  class space    used 2908K, committed 3136K, reserved 1048576K
}
Event: 4.313 GC heap after
{Heap after GC invocations=13 (full 0):
 garbage-first heap   total 78848K, used 38986K [0x0000000081800000, 0x0000000100000000)
  region size 1024K, 1 young (1024K), 1 survivors (1024K)
 Metaspace       used 27074K, committed 27520K, reserved 1114112K
  class space    used 2908K, committed 3136K, reserved 1048576K
}
Event: 4.465 GC heap before
{Heap before GC invocations=13 (full 0):
 garbage-first heap   total 78848K, used 62538K [0x0000000081800000, 0x0000000100000000)
  region size 1024K, 24 young (24576K), 1 survivors (1024K)
 Metaspace       used 27274K, committed 27776K, reserved 1114112K
  class space    used 2914K, committed 3136K, reserved 1048576K
}

