# JRE version: Java(TM) SE Runtime Environment (18.0.2+9) (build 18.0.2+9-61)
# Java VM: Java HotSpot(TM) 64-Bit Server VM (18.0.2+9-61, mixed mode, sharing, tiered, compressed oops, compressed class ptrs, g1 gc, windows-amd64)
GC Precious Log:
 CardTable entry size: 512
 Card Set container configuration: InlinePtr #cards 5 size 8 Array Of Cards #cards 12 size 40 Howl #buckets 4 coarsen threshold 1843 Howl Bitmap #cards 512 size 80 coarsen threshold 460 Card regions per heap region 1 cards per card region 2048
 CPUs: 4 total, 4 available
 Memory: 8088M
 Large Page Support: Disabled
 NUMA Support: Disabled
 Compressed Oops: Enabled (32-bit)
 Heap Region Size: 1M
 Heap Min Capacity: 8M
 Heap Initial Capacity: 128M
 Heap Max Capacity: 2024M
 Pre-touch: Disabled
 Parallel Workers: 4
 Concurrent Workers: 1
 Concurrent Refinement Workers: 4
 Periodic GC: Disabled
Heap:
 garbage-first heap   total 116736K, used 61317K [0x0000000081800000, 0x0000000100000000)
  region size 1024K, 11 young (11264K), 3 survivors (3072K)
 Metaspace       used 31516K, committed 32448K, reserved 1114112K
  class space    used 3320K, committed 3648K, reserved 1048576K
GC Heap History (20 events):
Event: 3.304 GC heap before
{Heap before GC invocations=6 (full 0):
 garbage-first heap   total 61440K, used 60339K [0x0000000081800000, 0x0000000100000000)
  region size 1024K, 49 young (50176K), 6 survivors (6144K)
 Metaspace       used 23921K, committed 24384K, reserved 1114112K
  class space    used 2590K, committed 2816K, reserved 1048576K
}
Event: 3.323 GC heap after
{Heap after GC invocations=7 (full 0):
 garbage-first heap   total 80896K, used 30200K [0x0000000081800000, 0x0000000100000000)
  region size 1024K, 10 young (10240K), 10 survivors (10240K)
 Metaspace       used 23921K, committed 24384K, reserved 1114112K
  class space    used 2590K, committed 2816K, reserved 1048576K
}
Event: 3.625 GC heap before
{Heap before GC invocations=7 (full 0):
 garbage-first heap   total 80896K, used 58872K [0x0000000081800000, 0x0000000100000000)
  region size 1024K, 37 young (37888K), 10 survivors (10240K)
 Metaspace       used 25124K, committed 25472K, reserved 1114112K
  class space    used 2687K, committed 2880K, reserved 1048576K
}
Event: 3.638 GC heap after
{Heap after GC invocations=8 (full 0):
 garbage-first heap   total 80896K, used 35763K [0x0000000081800000, 0x0000000100000000)
  region size 1024K, 5 young (5120K), 5 survivors (5120K)
 Metaspace       used 25124K, committed 25472K, reserved 1114112K
  class space    used 2687K, committed 2880K, reserved 1048576K
}
Event: 3.881 GC heap before
{Heap before GC invocations=8 (full 0):
 garbage-first heap   total 80896K, used 58291K [0x0000000081800000, 0x0000000100000000)
  region size 1024K, 28 young (28672K), 5 survivors (5120K)
 Metaspace       used 26523K, committed 26944K, reserved 1114112K
  class space    used 2840K, committed 3072K, reserved 1048576K
}
Event: 3.887 GC heap after
{Heap after GC invocations=9 (full 0):
 garbage-first heap   total 97280K, used 36787K [0x0000000081800000, 0x0000000100000000)
  region size 1024K, 1 young (1024K), 1 survivors (1024K)
 Metaspace       used 26523K, committed 26944K, reserved 1114112K
  class space    used 2840K, committed 3072K, reserved 1048576K
}
Event: 4.115 GC heap before
{Heap before GC invocations=9 (full 0):
 garbage-first heap   total 97280K, used 72627K [0x0000000081800000, 0x0000000100000000)
  region size 1024K, 36 young (36864K), 1 survivors (1024K)
 Metaspace       used 27172K, committed 27712K, reserved 1114112K
  class space    used 2921K, committed 3200K, reserved 1048576K
}
Event: 4.116 GC heap after
{Heap after GC invocations=10 (full 0):
 garbage-first heap   total 97280K, used 36780K [0x0000000081800000, 0x0000000100000000)
  region size 1024K, 1 young (1024K), 1 survivors (1024K)
 Metaspace       used 27172K, committed 27712K, reserved 1114112K
  class space    used 2921K, committed 3200K, reserved 1048576K
}
Event: 4.339 GC heap before
{Heap before GC invocations=10 (full 0):
 garbage-first heap   total 97280K, used 74668K [0x0000000081800000, 0x0000000100000000)
  region size 1024K, 38 young (38912K), 1 survivors (1024K)
 Metaspace       used 27467K, committed 27968K, reserved 1114112K
  class space    used 2929K, committed 3200K, reserved 1048576K
}
Event: 4.342 GC heap after
{Heap after GC invocations=11 (full 0):
 garbage-first heap   total 97280K, used 37340K [0x0000000081800000, 0x0000000100000000)
  region size 1024K, 2 young (2048K), 2 survivors (2048K)
 Metaspace       used 27467K, committed 27968K, reserved 1114112K
  class space    used 2929K, committed 3200K, reserved 1048576K
}
Event: 4.977 GC heap before
{Heap before GC invocations=11 (full 0):
 garbage-first heap   total 97280K, used 76252K [0x0000000081800000, 0x0000000100000000)
  region size 1024K, 40 young (40960K), 2 survivors (2048K)
 Metaspace       used 29526K, committed 30016K, reserved 1114112K
  class space    used 3146K, committed 3392K, reserved 1048576K
}
Event: 4.985 GC heap after
{Heap after GC invocations=12 (full 0):
 garbage-first heap   total 97280K, used 40137K [0x0000000081800000, 0x0000000100000000)
  region size 1024K, 5 young (5120K), 5 survivors (5120K)
 Metaspace       used 29526K, committed 30016K, reserved 1114112K
  class space    used 3146K, committed 3392K, reserved 1048576K
}
Event: 5.469 GC heap before
{Heap before GC invocations=12 (full 0):
 garbage-first heap   total 97280K, used 75977K [0x0000000081800000, 0x0000000100000000)
  region size 1024K, 40 young (40960K), 5 survivors (5120K)
 Metaspace       used 29667K, committed 30208K, reserved 1114112K
  class space    used 3157K, committed 3392K, reserved 1048576K
}
Event: 5.483 GC heap after
{Heap after GC invocations=13 (full 0):
 garbage-first heap   total 97280K, used 50999K [0x0000000081800000, 0x0000000100000000)
  region size 1024K, 5 young (5120K), 5 survivors (5120K)
 Metaspace       used 29667K, committed 30208K, reserved 1114112K
  class space    used 3157K, committed 3392K, reserved 1048576K
}
Event: 5.487 GC heap before
{Heap before GC invocations=13 (full 0):
 garbage-first heap   total 97280K, used 50999K [0x0000000081800000, 0x0000000100000000)
  region size 1024K, 6 young (6144K), 5 survivors (5120K)
 Metaspace       used 29668K, committed 30208K, reserved 1114112K
  class space    used 3157K, committed 3392K, reserved 1048576K
}
Event: 5.491 GC heap after
{Heap after GC invocations=14 (full 0):
 garbage-first heap   total 116736K, used 51878K [0x0000000081800000, 0x0000000100000000)
  region size 1024K, 1 young (1024K), 1 survivors (1024K)
 Metaspace       used 29668K, committed 30208K, reserved 1114112K
  class space    used 3157K, committed 3392K, reserved 1048576K
}
Event: 5.847 GC heap before
{Heap before GC invocations=14 (full 0):
 garbage-first heap   total 116736K, used 88742K [0x0000000081800000, 0x0000000100000000)
  region size 1024K, 36 young (36864K), 1 survivors (1024K)
 Metaspace       used 31084K, committed 31680K, reserved 1114112K
  class space    used 3312K, committed 3584K, reserved 1048576K
}
Event: 5.850 GC heap after
{Heap after GC invocations=15 (full 0):
 garbage-first heap   total 116736K, used 54753K [0x0000000081800000, 0x0000000100000000)
  region size 1024K, 2 young (2048K), 2 survivors (2048K)
 Metaspace       used 31084K, committed 31680K, reserved 1114112K
  class space    used 3312K, committed 3584K, reserved 1048576K
}
Event: 6.198 GC heap before
{Heap before GC invocations=15 (full 0):
 garbage-first heap   total 116736K, used 89569K [0x0000000081800000, 0x0000000100000000)
  region size 1024K, 36 young (36864K), 2 survivors (2048K)
 Metaspace       used 32419K, committed 33024K, reserved 1114112K
  class space    used 3438K, committed 3712K, reserved 1048576K
}
Event: 6.203 GC heap after
{Heap after GC invocations=16 (full 0):
 garbage-first heap   total 116736K, used 56197K [0x0000000081800000, 0x0000000100000000)
  region size 1024K, 3 young (3072K), 3 survivors (3072K)
 Metaspace       used 32419K, committed 33024K, reserved 1114112K
  class space    used 3438K, committed 3712K, reserved 1048576K
}

