# JRE version: Java(TM) SE Runtime Environment (18.0.2+9) (build 18.0.2+9-61)
# Java VM: Java HotSpot(TM) 64-Bit Server VM (18.0.2+9-61, mixed mode, sharing, tiered, compressed oops, compressed class ptrs, g1 gc, windows-amd64)
GC Precious Log:
 CardTable entry size: 512
 Card Set container configuration: InlinePtr #cards 5 size 8 Array Of Cards #cards 12 size 40 Howl #buckets 4 coarsen threshold 1843 Howl Bitmap #cards 512 size 80 coarsen threshold 460 Card regions per heap region 1 cards per card region 2048
 CPUs: 4 total, 4 available
 Memory: 8088M
 Large Page Support: Disabled
 NUMA Support: Disabled
 Compressed Oops: Enabled (32-bit)
 Heap Region Size: 1M
 Heap Min Capacity: 8M
 Heap Initial Capacity: 128M
 Heap Max Capacity: 2024M
 Pre-touch: Disabled
 Parallel Workers: 4
 Concurrent Workers: 1
 Concurrent Refinement Workers: 4
 Periodic GC: Disabled
Heap:
 garbage-first heap   total 97280K, used 38491K [0x0000000081800000, 0x0000000100000000)
  region size 1024K, 2 young (2048K), 2 survivors (2048K)
 Metaspace       used 26851K, committed 27328K, reserved 1114112K
  class space    used 2880K, committed 3072K, reserved 1048576K
GC Heap History (20 events):
Event: 0.310 GC heap after
{Heap after GC invocations=1 (full 0):
 garbage-first heap   total 131072K, used 3573K [0x0000000081800000, 0x0000000100000000)
  region size 1024K, 2 young (2048K), 2 survivors (2048K)
 Metaspace       used 3708K, committed 3840K, reserved 1114112K
  class space    used 400K, committed 448K, reserved 1048576K
}
Event: 0.511 GC heap before
{Heap before GC invocations=1 (full 0):
 garbage-first heap   total 131072K, used 17909K [0x0000000081800000, 0x0000000100000000)
  region size 1024K, 16 young (16384K), 2 survivors (2048K)
 Metaspace       used 5493K, committed 5632K, reserved 1114112K
  class space    used 640K, committed 704K, reserved 1048576K
}
Event: 0.514 GC heap after
{Heap after GC invocations=2 (full 0):
 garbage-first heap   total 131072K, used 4165K [0x0000000081800000, 0x0000000100000000)
  region size 1024K, 1 young (1024K), 1 survivors (1024K)
 Metaspace       used 5493K, committed 5632K, reserved 1114112K
  class space    used 640K, committed 704K, reserved 1048576K
}
Event: 1.574 GC heap before
{Heap before GC invocations=2 (full 0):
 garbage-first heap   total 131072K, used 75845K [0x0000000081800000, 0x0000000100000000)
  region size 1024K, 71 young (72704K), 1 survivors (1024K)
 Metaspace       used 12894K, committed 13184K, reserved 1114112K
  class space    used 1451K, committed 1600K, reserved 1048576K
}
Event: 1.583 GC heap after
{Heap after GC invocations=3 (full 0):
 garbage-first heap   total 131072K, used 11420K [0x0000000081800000, 0x0000000100000000)
  region size 1024K, 8 young (8192K), 8 survivors (8192K)
 Metaspace       used 12894K, committed 13184K, reserved 1114112K
  class space    used 1451K, committed 1600K, reserved 1048576K
}
Event: 2.374 GC heap before
{Heap before GC invocations=3 (full 0):
 garbage-first heap   total 131072K, used 81052K [0x0000000081800000, 0x0000000100000000)
  region size 1024K, 76 young (77824K), 8 survivors (8192K)
 Metaspace       used 20166K, committed 20544K, reserved 1114112K
  class space    used 2242K, committed 2432K, reserved 1048576K
}
Event: 2.386 GC heap after
{Heap after GC invocations=4 (full 0):
 garbage-first heap   total 131072K, used 16820K [0x0000000081800000, 0x0000000100000000)
  region size 1024K, 6 young (6144K), 6 survivors (6144K)
 Metaspace       used 20166K, committed 20544K, reserved 1114112K
  class space    used 2242K, committed 2432K, reserved 1048576K
}
Event: 2.417 GC heap before
{Heap before GC invocations=4 (full 0):
 garbage-first heap   total 131072K, used 16820K [0x0000000081800000, 0x0000000100000000)
  region size 1024K, 7 young (7168K), 6 survivors (6144K)
 Metaspace       used 21115K, committed 21504K, reserved 1114112K
  class space    used 2361K, committed 2560K, reserved 1048576K
}
Event: 2.422 GC heap after
{Heap after GC invocations=5 (full 0):
 garbage-first heap   total 131072K, used 17765K [0x0000000081800000, 0x0000000100000000)
  region size 1024K, 1 young (1024K), 1 survivors (1024K)
 Metaspace       used 21115K, committed 21504K, reserved 1114112K
  class space    used 2361K, committed 2560K, reserved 1048576K
}
Event: 2.960 GC heap before
{Heap before GC invocations=6 (full 0):
 garbage-first heap   total 65536K, used 64869K [0x0000000081800000, 0x0000000100000000)
  region size 1024K, 47 young (48128K), 1 survivors (1024K)
 Metaspace       used 23502K, committed 23872K, reserved 1114112K
  class space    used 2571K, committed 2752K, reserved 1048576K
}
Event: 2.973 GC heap after
{Heap after GC invocations=7 (full 0):
 garbage-first heap   total 80896K, used 31589K [0x0000000081800000, 0x0000000100000000)
  region size 1024K, 8 young (8192K), 8 survivors (8192K)
 Metaspace       used 23502K, committed 23872K, reserved 1114112K
  class space    used 2571K, committed 2752K, reserved 1048576K
}
Event: 2.984 GC heap before
{Heap before GC invocations=7 (full 0):
 garbage-first heap   total 80896K, used 32613K [0x0000000081800000, 0x0000000100000000)
  region size 1024K, 9 young (9216K), 8 survivors (8192K)
 Metaspace       used 23539K, committed 23936K, reserved 1114112K
  class space    used 2572K, committed 2752K, reserved 1048576K
}
Event: 2.990 GC heap after
{Heap after GC invocations=8 (full 0):
 garbage-first heap   total 97280K, used 32768K [0x0000000081800000, 0x0000000100000000)
  region size 1024K, 1 young (1024K), 1 survivors (1024K)
 Metaspace       used 23539K, committed 23936K, reserved 1114112K
  class space    used 2572K, committed 2752K, reserved 1048576K
}
Event: 3.310 GC heap before
{Heap before GC invocations=8 (full 0):
 garbage-first heap   total 97280K, used 65536K [0x0000000081800000, 0x0000000100000000)
  region size 1024K, 33 young (33792K), 1 survivors (1024K)
 Metaspace       used 24946K, committed 25344K, reserved 1114112K
  class space    used 2703K, committed 2880K, reserved 1048576K
}
Event: 3.316 GC heap after
{Heap after GC invocations=9 (full 0):
 garbage-first heap   total 97280K, used 37003K [0x0000000081800000, 0x0000000100000000)
  region size 1024K, 5 young (5120K), 5 survivors (5120K)
 Metaspace       used 24946K, committed 25344K, reserved 1114112K
  class space    used 2703K, committed 2880K, reserved 1048576K
}
Event: 3.568 GC heap before
{Heap before GC invocations=9 (full 0):
 garbage-first heap   total 97280K, used 66699K [0x0000000081800000, 0x0000000100000000)
  region size 1024K, 35 young (35840K), 5 survivors (5120K)
 Metaspace       used 26124K, committed 26496K, reserved 1114112K
  class space    used 2812K, committed 3008K, reserved 1048576K
}
Event: 3.573 GC heap after
{Heap after GC invocations=10 (full 0):
 garbage-first heap   total 97280K, used 37764K [0x0000000081800000, 0x0000000100000000)
  region size 1024K, 1 young (1024K), 1 survivors (1024K)
 Metaspace       used 26124K, committed 26496K, reserved 1114112K
  class space    used 2812K, committed 3008K, reserved 1048576K
}
Event: 3.777 GC heap before
{Heap before GC invocations=10 (full 0):
 garbage-first heap   total 97280K, used 70532K [0x0000000081800000, 0x0000000100000000)
  region size 1024K, 33 young (33792K), 1 survivors (1024K)
 Metaspace       used 26651K, committed 27136K, reserved 1114112K
  class space    used 2875K, committed 3072K, reserved 1048576K
}
Event: 3.782 GC heap after
{Heap after GC invocations=11 (full 0):
 garbage-first heap   total 97280K, used 39367K [0x0000000081800000, 0x0000000100000000)
  region size 1024K, 3 young (3072K), 3 survivors (3072K)
 Metaspace       used 26651K, committed 27136K, reserved 1114112K
  class space    used 2875K, committed 3072K, reserved 1048576K
}
Event: 3.969 GC heap before
{Heap before GC invocations=11 (full 0):
 garbage-first heap   total 97280K, used 72135K [0x0000000081800000, 0x0000000100000000)
  region size 1024K, 35 young (35840K), 3 survivors (3072K)
 Metaspace       used 26851K, committed 27328K, reserved 1114112K
  class space    used 2880K, committed 3072K, reserved 1048576K
}

